info: ::1 - - [21/Feb/2023:07:33:52 +0000] "POST /api/v1/ HTTP/1.1" 404 47 "-" "PostmanRuntime/7.31.0"

info: ::1 - - [21/Feb/2023:07:34:06 +0000] "POST /api/v1/users HTTP/1.1" 500 55 "-" "PostmanRuntime/7.31.0"

info: ::1 - - [21/Feb/2023:07:34:49 +0000] "POST /api/v1/users HTTP/1.1" 201 193 "-" "PostmanRuntime/7.31.0"

info: ::1 - - [21/Feb/2023:07:35:03 +0000] "GET /api/v1/users HTTP/1.1" 200 10376 "-" "PostmanRuntime/7.31.0"

info: ::1 - - [21/Feb/2023:07:35:13 +0000] "GET /api/v1/users/63f474190d9d72352097e329 HTTP/1.1" 500 52 "-" "PostmanRuntime/7.31.0"

info: ::1 - - [21/Feb/2023:07:35:25 +0000] "GET /api/v1/users/63f474190d9d72352097e329 HTTP/1.1" 400 56 "-" "PostmanRuntime/7.31.0"

info: ::1 - - [21/Feb/2023:07:36:22 +0000] "GET /api/v1/users/63f474190d9d72352097e329 HTTP/1.1" 200 193 "-" "PostmanRuntime/7.31.0"

info: ::1 - - [21/Feb/2023:07:36:36 +0000] "PUT /api/v1/users/63f474190d9d72352097e329 HTTP/1.1" 202 196 "-" "PostmanRuntime/7.31.0"

info: ::1 - - [21/Feb/2023:07:36:44 +0000] "DELETE /api/v1/users/63f474190d9d72352097e329 HTTP/1.1" 200 60 "-" "PostmanRuntime/7.31.0"

info: ::1 - - [21/Feb/2023:07:54:56 +0000] "POST /api/v1/users/ HTTP/1.1" 500 60 "-" "PostmanRuntime/7.31.0"

info: ::1 - - [21/Feb/2023:07:56:31 +0000] "POST /api/v1/users/ HTTP/1.1" 500 59 "-" "PostmanRuntime/7.31.0"

info: ::1 - - [21/Feb/2023:07:56:41 +0000] "POST /api/v1/users/ HTTP/1.1" 500 144 "-" "PostmanRuntime/7.31.0"

info: ::1 - - [21/Feb/2023:07:56:57 +0000] "POST /api/v1/users/ HTTP/1.1" 500 143 "-" "PostmanRuntime/7.31.0"

info: ::1 - - [21/Feb/2023:07:57:13 +0000] "POST /api/v1/users/ HTTP/1.1" 500 143 "-" "PostmanRuntime/7.31.0"

info: ::1 - - [21/Feb/2023:07:57:38 +0000] "POST /api/v1/users/ HTTP/1.1" 400 62 "-" "PostmanRuntime/7.31.0"

info: ::1 - - [21/Feb/2023:07:57:47 +0000] "POST /api/v1/users/ HTTP/1.1" 201 329 "-" "PostmanRuntime/7.31.0"

info: ::1 - - [21/Feb/2023:07:58:25 +0000] "GET /api/v1/users/login HTTP/1.1" 200 483 "-" "PostmanRuntime/7.31.0"

info: ::1 - - [21/Feb/2023:08:05:54 +0000] "GET /api/v1/users/get HTTP/1.1" 400 56 "-" "PostmanRuntime/7.31.0"

info: ::1 - - [21/Feb/2023:08:06:19 +0000] "GET /api/v1/users/ HTTP/1.1" 404 47 "-" "PostmanRuntime/7.31.0"

info: ::1 - - [21/Feb/2023:08:08:03 +0000] "GET /api/v1/users/log HTTP/1.1" 404 47 "-" "PostmanRuntime/7.31.0"

info: ::1 - - [21/Feb/2023:08:08:16 +0000] "GET /api/v1/users/login/ HTTP/1.1" 200 483 "-" "PostmanRuntime/7.31.0"

info: ::1 - - [21/Feb/2023:08:08:34 +0000] "GET /api/v1/users/get/ HTTP/1.1" 400 56 "-" "PostmanRuntime/7.31.0"

info: ::1 - - [21/Feb/2023:08:11:57 +0000] "GET /api/v1/users/login/ HTTP/1.1" 200 483 "-" "PostmanRuntime/7.31.0"

info: ::1 - - [21/Feb/2023:08:12:11 +0000] "GET /api/v1/users/login/ HTTP/1.1" 400 56 "-" "PostmanRuntime/7.31.0"

info: ::1 - - [21/Feb/2023:08:12:17 +0000] "GET /api/v1/users/login/ HTTP/1.1" 200 483 "-" "PostmanRuntime/7.31.0"

info: ::1 - - [21/Feb/2023:08:28:29 +0000] "POST /api/v1/note/ HTTP/1.1" 500 56 "-" "PostmanRuntime/7.31.0"

info: ::1 - - [21/Feb/2023:08:29:38 +0000] "POST /api/v1/note/ HTTP/1.1" 201 155 "-" "PostmanRuntime/7.31.0"

info: ::1 - - [21/Feb/2023:08:29:47 +0000] "GET /api/v1/note/ HTTP/1.1" 202 919 "-" "PostmanRuntime/7.31.0"

info: ::1 - - [21/Feb/2023:08:30:00 +0000] "GET /api/v1/note/63f480f299584b3df0ce4450 HTTP/1.1" 202 151 "-" "PostmanRuntime/7.31.0"

info: ::1 - - [21/Feb/2023:08:30:15 +0000] "PUT /api/v1/note/63f480f299584b3df0ce4450 HTTP/1.1" 202 164 "-" "PostmanRuntime/7.31.0"

info: ::1 - - [21/Feb/2023:08:30:22 +0000] "DELETE /api/v1/note/63f480f299584b3df0ce4450 HTTP/1.1" 200 60 "-" "PostmanRuntime/7.31.0"

info: ::1 - - [21/Feb/2023:08:31:47 +0000] "DELETE /api/v1/note/63f480f299584b3df0ce4450 HTTP/1.1" 400 56 "-" "PostmanRuntime/7.31.0"

info: ::1 - - [21/Feb/2023:08:31:51 +0000] "DELETE /api/v1/note/63f480f299584b3df0ce4450 HTTP/1.1" 200 60 "-" "PostmanRuntime/7.31.0"

info: ::1 - - [21/Feb/2023:09:50:56 +0000] "DELETE /api/v1/note/63f480f299584b3df0ce4450 HTTP/1.1" 200 60 "-" "PostmanRuntime/7.31.0"

info: ::1 - - [21/Feb/2023:10:33:32 +0000] "POST /api/v1/note/ HTTP/1.1" 201 49 "-" "PostmanRuntime/7.31.0"

info: ::1 - - [21/Feb/2023:10:33:58 +0000] "GET /api/v1/note/ HTTP/1.1" 202 820 "-" "PostmanRuntime/7.31.0"

info: ::1 - - [21/Feb/2023:10:34:15 +0000] "GET /api/v1/note/63f3b6ae0318e65464fd88aa HTTP/1.1" 202 155 "-" "PostmanRuntime/7.31.0"

info: ::1 - - [21/Feb/2023:10:39:33 +0000] "POST /api/v1/note/ HTTP/1.1" 201 49 "-" "PostmanRuntime/7.31.0"

info: ::1 - - [21/Feb/2023:10:42:32 +0000] "POST /api/v1/note/ HTTP/1.1" 400 41 "-" "PostmanRuntime/7.31.0"

info: ::1 - - [21/Feb/2023:10:43:45 +0000] "POST /api/v1/note/ HTTP/1.1" 201 49 "-" "PostmanRuntime/7.31.0"

info: ::1 - - [21/Feb/2023:10:45:29 +0000] "POST /api/v1/note/ HTTP/1.1" 400 41 "-" "PostmanRuntime/7.31.0"

info: ::1 - - [21/Feb/2023:10:45:38 +0000] "POST /api/v1/note/ HTTP/1.1" 400 41 "-" "PostmanRuntime/7.31.0"

info: ::1 - - [21/Feb/2023:10:45:46 +0000] "POST /api/v1/note/ HTTP/1.1" 400 41 "-" "PostmanRuntime/7.31.0"

info: ::1 - - [21/Feb/2023:10:51:47 +0000] "POST /api/v1/note/ HTTP/1.1" 201 149 "-" "PostmanRuntime/7.31.0"

info: ::1 - - [21/Feb/2023:10:53:43 +0000] "POST /api/v1/note/ HTTP/1.1" 201 185 "-" "PostmanRuntime/7.31.0"

info: ::1 - - [21/Feb/2023:10:55:24 +0000] "POST /api/v1/note/ HTTP/1.1" 400 56 "-" "PostmanRuntime/7.31.0"

info: ::1 - - [21/Feb/2023:10:55:30 +0000] "POST /api/v1/note/ HTTP/1.1" 201 185 "-" "PostmanRuntime/7.31.0"

info: ::1 - - [21/Feb/2023:11:01:39 +0000] "POST /api/v1/note/ HTTP/1.1" 201 185 "-" "PostmanRuntime/7.31.0"

info: ::1 - - [21/Feb/2023:11:01:42 +0000] "POST /api/v1/note/ HTTP/1.1" 201 185 "-" "PostmanRuntime/7.31.0"

info: ::1 - - [21/Feb/2023:11:04:40 +0000] "GET /api/v1/note/ HTTP/1.1" 400 42 "-" "PostmanRuntime/7.31.0"

info: ::1 - - [21/Feb/2023:11:05:39 +0000] "GET /api/v1/note/ HTTP/1.1" 400 42 "-" "PostmanRuntime/7.31.0"

info: ::1 - - [21/Feb/2023:11:06:03 +0000] "GET /api/v1/note/63f4a4960989700448aff607 HTTP/1.1" 202 181 "-" "PostmanRuntime/7.31.0"

info: ::1 - - [21/Feb/2023:11:11:24 +0000] "POST /api/v1/note/ HTTP/1.1" 201 186 "-" "PostmanRuntime/7.31.0"

info: ::1 - - [21/Feb/2023:11:28:59 +0000] "GET /api/v1/note/63f4a6dc479eed0b64cff172 HTTP/1.1" 202 182 "-" "PostmanRuntime/7.31.0"

info: ::1 - - [21/Feb/2023:11:29:16 +0000] "PUT /api/v1/note/63f4a6dc479eed0b64cff172 HTTP/1.1" 202 193 "-" "PostmanRuntime/7.31.0"

info: ::1 - - [21/Feb/2023:11:29:24 +0000] "DELETE /api/v1/note/63f4a6dc479eed0b64cff172 HTTP/1.1" 200 60 "-" "PostmanRuntime/7.31.0"

info: ::1 - - [21/Feb/2023:11:32:25 +0000] "POST /api/v1/note/ HTTP/1.1" 201 192 "-" "PostmanRuntime/7.31.0"

info: ::1 - - [21/Feb/2023:13:59:59 +0000] "DELETE /api/v1/note/ HTTP/1.1" 404 47 "-" "PostmanRuntime/7.31.0"

info: ::1 - - [21/Feb/2023:14:00:09 +0000] "GET /api/v1/note/ HTTP/1.1" 202 1565 "-" "PostmanRuntime/7.31.0"

info: ::1 - - [21/Feb/2023:14:15:43 +0000] "POST /api/v1/note/ HTTP/1.1" 201 192 "-" "PostmanRuntime/7.31.0"

info: ::1 - - [21/Feb/2023:14:17:01 +0000] "DELETE /api/v1/note/63f4797b96f0550540924c37 HTTP/1.1" 200 60 "-" "PostmanRuntime/7.31.0"

info: ::1 - - [21/Feb/2023:14:18:24 +0000] "POST /api/v1/note/ HTTP/1.1" 201 192 "-" "PostmanRuntime/7.31.0"

info: ::1 - - [21/Feb/2023:14:18:36 +0000] "DELETE /api/v1/note/63f4797b96f0550540924c37 HTTP/1.1" 200 60 "-" "PostmanRuntime/7.31.0"

info: ::1 - - [21/Feb/2023:14:37:00 +0000] "POST /api/v1/note/ HTTP/1.1" 201 192 "-" "PostmanRuntime/7.31.0"

info: ::1 - - [21/Feb/2023:14:39:44 +0000] "POST /api/v1/note/ HTTP/1.1" 201 192 "-" "PostmanRuntime/7.31.0"

info: ::1 - - [21/Feb/2023:14:39:57 +0000] "POST /api/v1/note/ HTTP/1.1" 201 192 "-" "PostmanRuntime/7.31.0"

info: ::1 - - [21/Feb/2023:14:40:21 +0000] "PUT /api/v1/note/63f4797b96f0550540924c37 HTTP/1.1" 400 40 "-" "PostmanRuntime/7.31.0"

info: ::1 - - [21/Feb/2023:14:41:38 +0000] "PUT /api/v1/note/63f4797b96f0550540924c37 HTTP/1.1" 400 40 "-" "PostmanRuntime/7.31.0"

info: ::1 - - [21/Feb/2023:14:44:08 +0000] "PUT /api/v1/note/63f4797b96f0550540924c37 HTTP/1.1" 400 40 "-" "PostmanRuntime/7.31.0"

info: ::1 - - [21/Feb/2023:14:46:28 +0000] "PUT /api/v1/note/63f4797b96f0550540924c37 HTTP/1.1" 202 50 "-" "PostmanRuntime/7.31.0"

info: ::1 - - [21/Feb/2023:14:47:34 +0000] "PUT /api/v1/note/63f4797b96f0550540924c37 HTTP/1.1" 202 50 "-" "PostmanRuntime/7.31.0"

info: ::1 - - [21/Feb/2023:14:49:57 +0000] "PUT /api/v1/note/63f4797b96f0550540924c37 HTTP/1.1" 202 50 "-" "PostmanRuntime/7.31.0"

info: ::1 - - [21/Feb/2023:14:57:02 +0000] "PUT /api/v1/note/63f4797b96f0550540924c37 HTTP/1.1" 202 50 "-" "PostmanRuntime/7.31.0"

info: ::1 - - [21/Feb/2023:16:03:41 +0000] "POST /api/v1/note/ HTTP/1.1" 201 206 "-" "PostmanRuntime/7.31.0"

info: ::1 - - [21/Feb/2023:16:04:16 +0000] "PUT /api/v1/note/63f4eb5da99ceb36bc122381 HTTP/1.1" 400 40 "-" "PostmanRuntime/7.31.0"

info: ::1 - - [21/Feb/2023:16:05:33 +0000] "PUT /api/v1/note/63f4eb5da99ceb36bc122381 HTTP/1.1" 202 207 "-" "PostmanRuntime/7.31.0"

info: ::1 - - [21/Feb/2023:16:05:45 +0000] "PUT /api/v1/note/63f4eb5da99ceb36bc122381 HTTP/1.1" 202 207 "-" "PostmanRuntime/7.31.0"

info: ::1 - - [21/Feb/2023:16:05:54 +0000] "PUT /api/v1/note/63f4eb5da99ceb36bc122381 HTTP/1.1" 202 207 "-" "PostmanRuntime/7.31.0"

info: ::1 - - [21/Feb/2023:16:06:02 +0000] "DELETE /api/v1/note/63f4eb5da99ceb36bc122381 HTTP/1.1" 200 60 "-" "PostmanRuntime/7.31.0"

info: ::1 - - [21/Feb/2023:16:06:13 +0000] "POST /api/v1/note/63f4eb5da99ceb36bc122381 HTTP/1.1" 404 47 "-" "PostmanRuntime/7.31.0"

info: ::1 - - [21/Feb/2023:16:06:20 +0000] "POST /api/v1/note/ HTTP/1.1" 201 207 "-" "PostmanRuntime/7.31.0"

info: ::1 - - [21/Feb/2023:16:06:29 +0000] "GET /api/v1/note/ HTTP/1.1" 202 2546 "-" "PostmanRuntime/7.31.0"

info: ::1 - - [21/Feb/2023:16:06:40 +0000] "GET /api/v1/note/63f4797b96f0550540924c37 HTTP/1.1" 202 57 "-" "PostmanRuntime/7.31.0"

info: ::1 - - [21/Feb/2023:16:07:51 +0000] "GET /api/v1/note/63f4797b96f0550540924c37 HTTP/1.1" 202 57 "-" "PostmanRuntime/7.31.0"

info: ::1 - - [21/Feb/2023:16:08:35 +0000] "GET /api/v1/note/63f4797b96f0550540924c37 HTTP/1.1" 202 57 "-" "PostmanRuntime/7.31.0"

info: ::1 - - [21/Feb/2023:16:08:42 +0000] "GET /api/v1/note/ HTTP/1.1" 202 2546 "-" "PostmanRuntime/7.31.0"

info: ::1 - - [21/Feb/2023:16:08:58 +0000] "GET /api/v1/note/63f4797b96f0550540924c37 HTTP/1.1" 202 57 "-" "PostmanRuntime/7.31.0"

info: ::1 - - [21/Feb/2023:16:09:03 +0000] "GET /api/v1/note/ HTTP/1.1" 202 2546 "-" "PostmanRuntime/7.31.0"

info: ::1 - - [21/Feb/2023:16:09:10 +0000] "GET /api/v1/note/63f3a6cc0c58276bcce9faaf HTTP/1.1" 202 146 "-" "PostmanRuntime/7.31.0"

info: ::1 - - [21/Feb/2023:16:11:05 +0000] "GET /api/v1/note/63f3a6cc0c58276bcce9faaf/archive HTTP/1.1" 404 47 "-" "PostmanRuntime/7.31.0"

info: ::1 - - [21/Feb/2023:16:13:10 +0000] "GET /api/v1/note/ HTTP/1.1" 202 2546 "-" "PostmanRuntime/7.31.0"

info: ::1 - - [21/Feb/2023:16:15:07 +0000] "GET /api/v1/note/ HTTP/1.1" 202 2546 "-" "PostmanRuntime/7.31.0"

info: ::1 - - [21/Feb/2023:16:15:19 +0000] "GET /api/v1/note/ HTTP/1.1" 202 2546 "-" "PostmanRuntime/7.31.0"

info: ::1 - - [21/Feb/2023:16:15:57 +0000] "GET /api/v1/note/ HTTP/1.1" 400 56 "-" "PostmanRuntime/7.31.0"

info: ::1 - - [21/Feb/2023:16:16:18 +0000] "POST /api/v1/note/ HTTP/1.1" 400 41 "-" "PostmanRuntime/7.31.0"

info: ::1 - - [21/Feb/2023:16:16:41 +0000] "POST /api/v1/note/ HTTP/1.1" 201 208 "-" "PostmanRuntime/7.31.0"

info: ::1 - - [21/Feb/2023:16:18:53 +0000] "PUT /api/v1/note/63f4ee69d98a2a43dc05b0a3 HTTP/1.1" 202 209 "-" "PostmanRuntime/7.31.0"

info: ::1 - - [21/Feb/2023:16:19:06 +0000] "PUT /api/v1/note/63f4ee69d98a2a43dc05b0a3 HTTP/1.1" 202 209 "-" "PostmanRuntime/7.31.0"

info: ::1 - - [21/Feb/2023:16:20:36 +0000] "PUT /api/v1/note/63f4ee69d98a2a43dc05b0a3 HTTP/1.1" 202 209 "-" "PostmanRuntime/7.31.0"

info: ::1 - - [21/Feb/2023:16:20:43 +0000] "PUT /api/v1/note/63f4ee69d98a2a43dc05b0a3 HTTP/1.1" 202 209 "-" "PostmanRuntime/7.31.0"

info: ::1 - - [21/Feb/2023:16:20:45 +0000] "PUT /api/v1/note/63f4ee69d98a2a43dc05b0a3 HTTP/1.1" 202 209 "-" "PostmanRuntime/7.31.0"

info: ::1 - - [21/Feb/2023:16:20:59 +0000] "PUT /api/v1/note/63f4ee69d98a2a43dc05b0a3 HTTP/1.1" 202 209 "-" "PostmanRuntime/7.31.0"

info: ::1 - - [21/Feb/2023:16:49:17 +0000] "PUT /api/v1/note/63f4ee69d98a2a43dc05b0a3 HTTP/1.1" 202 209 "-" "PostmanRuntime/7.31.0"

info: ::1 - - [21/Feb/2023:16:50:11 +0000] "PUT /api/v1/note/63f4ee69d98a2a43dc05b0a3/archive HTTP/1.1" 400 50 "-" "PostmanRuntime/7.31.0"

info: ::1 - - [21/Feb/2023:16:50:43 +0000] "PUT /api/v1/note/63f4ee69d98a2a43dc05b0a3/trash HTTP/1.1" 400 50 "-" "PostmanRuntime/7.31.0"

info: ::1 - - [21/Feb/2023:16:51:12 +0000] "POST /api/v1/note/ HTTP/1.1" 201 210 "-" "PostmanRuntime/7.31.0"

info: ::1 - - [21/Feb/2023:16:51:39 +0000] "PUT /api/v1/note/63f4f68039d79f639889d8af/archive HTTP/1.1" 400 50 "-" "PostmanRuntime/7.31.0"

info: ::1 - - [21/Feb/2023:16:52:02 +0000] "POST /api/v1/note/ HTTP/1.1" 201 210 "-" "PostmanRuntime/7.31.0"

info: ::1 - - [21/Feb/2023:16:52:20 +0000] "PUT /api/v1/note/63f4797b96f0550540924c37/archive HTTP/1.1" 400 50 "-" "PostmanRuntime/7.31.0"

info: ::1 - - [21/Feb/2023:16:52:39 +0000] "PUT /api/v1/note/63f4797b96f0550540924c37/trash HTTP/1.1" 400 50 "-" "PostmanRuntime/7.31.0"

info: ::1 - - [21/Feb/2023:17:01:46 +0000] "PUT /api/v1/note/63f4f6b239d79f639889d8b1/archive HTTP/1.1" 400 50 "-" "PostmanRuntime/7.31.0"

info: ::1 - - [21/Feb/2023:17:03:16 +0000] "PUT /api/v1/note/63f4f6b239d79f639889d8b1/archive HTTP/1.1" 400 50 "-" "PostmanRuntime/7.31.0"

info: ::1 - - [21/Feb/2023:17:04:08 +0000] "PUT /api/v1/note/63f4f6b239d79f639889d8b1/archive HTTP/1.1" 400 50 "-" "PostmanRuntime/7.31.0"

info: ::1 - - [21/Feb/2023:17:05:24 +0000] "PUT /api/v1/note/63f4f6b239d79f639889d8b1/archive HTTP/1.1" 400 50 "-" "PostmanRuntime/7.31.0"

info: ::1 - - [21/Feb/2023:17:05:41 +0000] "PUT /api/v1/note/63f4f6b239d79f639889d8b1/archive HTTP/1.1" 400 50 "-" "PostmanRuntime/7.31.0"

info: ::1 - - [21/Feb/2023:17:07:03 +0000] "PUT /api/v1/note/63f4f6b239d79f639889d8b1/archive HTTP/1.1" 400 50 "-" "PostmanRuntime/7.31.0"

info: ::1 - - [21/Feb/2023:17:08:18 +0000] "PUT /api/v1/note/63f4f6b239d79f639889d8b1/archive HTTP/1.1" 400 50 "-" "PostmanRuntime/7.31.0"

info: ::1 - - [21/Feb/2023:17:11:13 +0000] "PUT /api/v1/note/63f4f6b239d79f639889d8b1/archive HTTP/1.1" 400 50 "-" "PostmanRuntime/7.31.0"

info: ::1 - - [21/Feb/2023:17:11:31 +0000] "PUT /api/v1/note/63f4f6b239d79f639889d8b1/archive HTTP/1.1" 400 50 "-" "PostmanRuntime/7.31.0"

info: ::1 - - [21/Feb/2023:17:23:57 +0000] "PUT /api/v1/note/63f4f6b239d79f639889d8b1/archive HTTP/1.1" 202 225 "-" "PostmanRuntime/7.31.0"

info: ::1 - - [21/Feb/2023:17:24:39 +0000] "PUT /api/v1/note/63f4f6b239d79f639889d8b1/archive HTTP/1.1" 202 225 "-" "PostmanRuntime/7.31.0"

info: ::1 - - [21/Feb/2023:17:24:58 +0000] "PUT /api/v1/note/63f4f6b239d79f639889d8b1/archive HTTP/1.1" 202 225 "-" "PostmanRuntime/7.31.0"

info: ::1 - - [21/Feb/2023:17:25:05 +0000] "PUT /api/v1/note/63f4f6b239d79f639889d8b1/archive HTTP/1.1" 202 225 "-" "PostmanRuntime/7.31.0"

info: ::1 - - [21/Feb/2023:17:26:20 +0000] "PUT /api/v1/note/63f4f6b239d79f639889d8b1/archive HTTP/1.1" 202 241 "-" "PostmanRuntime/7.31.0"

info: ::1 - - [21/Feb/2023:17:26:27 +0000] "PUT /api/v1/note/63f4f6b239d79f639889d8b1/archive HTTP/1.1" 202 241 "-" "PostmanRuntime/7.31.0"

info: ::1 - - [21/Feb/2023:17:26:29 +0000] "PUT /api/v1/note/63f4f6b239d79f639889d8b1/archive HTTP/1.1" 202 241 "-" "PostmanRuntime/7.31.0"

info: ::1 - - [21/Feb/2023:17:26:30 +0000] "PUT /api/v1/note/63f4f6b239d79f639889d8b1/archive HTTP/1.1" 202 241 "-" "PostmanRuntime/7.31.0"

info: ::1 - - [21/Feb/2023:17:26:31 +0000] "PUT /api/v1/note/63f4f6b239d79f639889d8b1/archive HTTP/1.1" 202 241 "-" "PostmanRuntime/7.31.0"

info: ::1 - - [21/Feb/2023:17:26:36 +0000] "PUT /api/v1/note/63f4f6b239d79f639889d8b1/archive HTTP/1.1" 202 241 "-" "PostmanRuntime/7.31.0"

info: ::1 - - [21/Feb/2023:17:27:26 +0000] "PUT /api/v1/note/63f4f6b239d79f639889d8b1/archive HTTP/1.1" 202 255 "-" "PostmanRuntime/7.31.0"

info: ::1 - - [21/Feb/2023:17:27:36 +0000] "PUT /api/v1/note/63f4f6b239d79f639889d8b1/archive HTTP/1.1" 202 255 "-" "PostmanRuntime/7.31.0"

info: ::1 - - [21/Feb/2023:17:27:49 +0000] "PUT /api/v1/note/63f4f6b239d79f639889d8b1/archive HTTP/1.1" 202 255 "-" "PostmanRuntime/7.31.0"

info: ::1 - - [21/Feb/2023:17:28:58 +0000] "PUT /api/v1/note/63f4f6b239d79f639889d8b1/archive HTTP/1.1" 202 254 "-" "PostmanRuntime/7.31.0"

info: ::1 - - [21/Feb/2023:17:29:06 +0000] "PUT /api/v1/note/63f4f6b239d79f639889d8b1/archive HTTP/1.1" 202 255 "-" "PostmanRuntime/7.31.0"

info: ::1 - - [21/Feb/2023:17:29:07 +0000] "PUT /api/v1/note/63f4f6b239d79f639889d8b1/archive HTTP/1.1" 202 254 "-" "PostmanRuntime/7.31.0"

info: ::1 - - [21/Feb/2023:17:52:23 +0000] "PUT /api/v1/note/63f4f6b239d79f639889d8b1/trash HTTP/1.1" 400 50 "-" "PostmanRuntime/7.31.0"

info: ::1 - - [21/Feb/2023:17:53:54 +0000] "PUT /api/v1/note/63f4f6b239d79f639889d8b1/trash HTTP/1.1" 202 253 "-" "PostmanRuntime/7.31.0"

info: ::1 - - [21/Feb/2023:17:53:58 +0000] "PUT /api/v1/note/63f4f6b239d79f639889d8b1/trash HTTP/1.1" 202 253 "-" "PostmanRuntime/7.31.0"

info: ::1 - - [21/Feb/2023:17:53:59 +0000] "PUT /api/v1/note/63f4f6b239d79f639889d8b1/trash HTTP/1.1" 202 253 "-" "PostmanRuntime/7.31.0"

info: ::1 - - [21/Feb/2023:17:54:01 +0000] "PUT /api/v1/note/63f4f6b239d79f639889d8b1/trash HTTP/1.1" 202 253 "-" "PostmanRuntime/7.31.0"

info: ::1 - - [21/Feb/2023:17:54:04 +0000] "PUT /api/v1/note/63f4f6b239d79f639889d8b1/trash HTTP/1.1" 202 253 "-" "PostmanRuntime/7.31.0"

info: ::1 - - [21/Feb/2023:17:54:07 +0000] "PUT /api/v1/note/63f4f6b239d79f639889d8b1/trash HTTP/1.1" 202 253 "-" "PostmanRuntime/7.31.0"

info: ::1 - - [21/Feb/2023:17:54:16 +0000] "PUT /api/v1/note/63f4f6b239d79f639889d8b1/trash HTTP/1.1" 202 253 "-" "PostmanRuntime/7.31.0"

info: ::1 - - [21/Feb/2023:17:54:17 +0000] "PUT /api/v1/note/63f4f6b239d79f639889d8b1/trash HTTP/1.1" 202 253 "-" "PostmanRuntime/7.31.0"

info: ::1 - - [21/Feb/2023:17:55:00 +0000] "PUT /api/v1/note/63f4f6b239d79f639889d8b1/trash HTTP/1.1" 202 253 "-" "PostmanRuntime/7.31.0"

info: ::1 - - [21/Feb/2023:17:55:04 +0000] "PUT /api/v1/note/63f4f6b239d79f639889d8b1/trash HTTP/1.1" 202 253 "-" "PostmanRuntime/7.31.0"

info: ::1 - - [21/Feb/2023:17:55:20 +0000] "PUT /api/v1/note/63f4f6b239d79f639889d8b1/archive HTTP/1.1" 202 255 "-" "PostmanRuntime/7.31.0"

info: ::1 - - [21/Feb/2023:17:55:23 +0000] "PUT /api/v1/note/63f4f6b239d79f639889d8b1/archive HTTP/1.1" 202 254 "-" "PostmanRuntime/7.31.0"

info: ::1 - - [21/Feb/2023:17:55:27 +0000] "PUT /api/v1/note/63f4f6b239d79f639889d8b1/archive HTTP/1.1" 202 255 "-" "PostmanRuntime/7.31.0"

info: ::1 - - [21/Feb/2023:17:56:40 +0000] "PUT /api/v1/note/63f4f6b239d79f639889d8b1/trash HTTP/1.1" 202 253 "-" "PostmanRuntime/7.31.0"

info: ::1 - - [21/Feb/2023:17:56:45 +0000] "PUT /api/v1/note/63f4f6b239d79f639889d8b1/trash HTTP/1.1" 202 253 "-" "PostmanRuntime/7.31.0"

info: ::1 - - [21/Feb/2023:17:57:39 +0000] "PUT /api/v1/note/63f4f6b239d79f639889d8b1/trash HTTP/1.1" 202 252 "-" "PostmanRuntime/7.31.0"

info: ::1 - - [21/Feb/2023:17:57:42 +0000] "PUT /api/v1/note/63f4f6b239d79f639889d8b1/trash HTTP/1.1" 202 253 "-" "PostmanRuntime/7.31.0"

info: ::1 - - [21/Feb/2023:17:57:44 +0000] "PUT /api/v1/note/63f4f6b239d79f639889d8b1/trash HTTP/1.1" 202 252 "-" "PostmanRuntime/7.31.0"

info: ::1 - - [21/Feb/2023:17:58:31 +0000] "PUT /api/v1/note/63f4f6b239d79f639889d8b1/trash HTTP/1.1" 202 253 "-" "PostmanRuntime/7.31.0"

info: ::1 - - [21/Feb/2023:17:58:34 +0000] "PUT /api/v1/note/63f4f6b239d79f639889d8b1/trash HTTP/1.1" 202 252 "-" "PostmanRuntime/7.31.0"

