info: ::1 - - [16/Feb/2023:10:56:28 +0000] "POST /api/v1/ HTTP/1.1" 404 47 "-" "PostmanRuntime/7.30.1"

info: ::1 - - [16/Feb/2023:11:14:44 +0000] "POST /api/v1/users/user HTTP/1.1" 404 47 "-" "PostmanRuntime/7.30.1"

info: ::1 - - [16/Feb/2023:11:17:41 +0000] "POST /api/v1/users/user HTTP/1.1" 404 47 "-" "PostmanRuntime/7.30.1"

info: ::1 - - [16/Feb/2023:11:18:56 +0000] "POST /api/v1/users/user HTTP/1.1" 404 47 "-" "PostmanRuntime/7.30.1"

info: ::1 - - [16/Feb/2023:11:22:03 +0000] "POST /api/v1/users/user HTTP/1.1" 404 47 "-" "PostmanRuntime/7.30.1"

info: ::1 - - [16/Feb/2023:11:23:34 +0000] "POST /api/v1/users/user HTTP/1.1" 404 47 "-" "PostmanRuntime/7.30.1"

info: ::1 - - [16/Feb/2023:11:24:42 +0000] "POST /api/v1/users/user HTTP/1.1" 500 89 "-" "PostmanRuntime/7.30.1"

info: ::1 - - [16/Feb/2023:11:24:59 +0000] "POST /api/v1/users/user HTTP/1.1" 201 301 "-" "PostmanRuntime/7.30.1"

info: ::1 - - [16/Feb/2023:11:25:09 +0000] "POST /api/v1/users/user HTTP/1.1" 500 96 "-" "PostmanRuntime/7.30.1"

info: ::1 - - [16/Feb/2023:11:25:19 +0000] "POST /api/v1/users/user HTTP/1.1" 400 75 "-" "PostmanRuntime/7.30.1"

info: ::1 - - [16/Feb/2023:11:25:35 +0000] "POST /api/v1/users/user HTTP/1.1" 400 75 "-" "PostmanRuntime/7.30.1"

info: ::1 - - [16/Feb/2023:11:55:07 +0000] "POST /api/v1/users/user HTTP/1.1" 500 84 "-" "PostmanRuntime/7.30.1"

info: ::1 - - [16/Feb/2023:11:55:18 +0000] "POST /api/v1/users/user HTTP/1.1" 500 84 "-" "PostmanRuntime/7.30.1"

info: ::1 - - [16/Feb/2023:13:17:00 +0000] "POST /api/v1/users/user HTTP/1.1" 500 80 "-" "PostmanRuntime/7.30.1"

info: ::1 - - [16/Feb/2023:13:26:18 +0000] "POST /api/v1/users/user HTTP/1.1" 500 55 "-" "PostmanRuntime/7.30.1"

info: ::1 - - [16/Feb/2023:13:28:26 +0000] "POST /api/v1/users/user HTTP/1.1" 201 302 "-" "PostmanRuntime/7.30.1"

info: ::1 - - [16/Feb/2023:13:29:58 +0000] "POST /api/v1/users/user HTTP/1.1" 500 66 "-" "PostmanRuntime/7.30.1"

info: ::1 - - [16/Feb/2023:13:30:12 +0000] "POST /api/v1/users/user HTTP/1.1" 201 302 "-" "PostmanRuntime/7.30.1"

info: ::1 - - [16/Feb/2023:13:31:21 +0000] "POST /api/v1/users/user HTTP/1.1" 201 302 "-" "PostmanRuntime/7.30.1"

info: ::1 - - [16/Feb/2023:13:31:34 +0000] "POST /api/v1/users/user HTTP/1.1" 201 302 "-" "PostmanRuntime/7.30.1"

info: ::1 - - [16/Feb/2023:13:58:18 +0000] "POST /api/v1/users/user HTTP/1.1" 500 66 "-" "PostmanRuntime/7.30.1"

info: ::1 - - [16/Feb/2023:14:05:17 +0000] "POST /api/v1/users/user HTTP/1.1" 201 270 "-" "PostmanRuntime/7.30.1"

info: ::1 - - [16/Feb/2023:14:08:32 +0000] "POST /api/v1/users/newuser HTTP/1.1" 201 270 "-" "PostmanRuntime/7.30.1"

info: ::1 - - [16/Feb/2023:15:47:50 +0000] "POST /api/v1/users/newuser HTTP/1.1" 201 270 "-" "PostmanRuntime/7.30.1"

info: ::1 - - [16/Feb/2023:15:48:17 +0000] "GET /api/v1/users/login HTTP/1.1" 400 66 "-" "PostmanRuntime/7.30.1"

info: ::1 - - [16/Feb/2023:15:51:32 +0000] "GET /api/v1/users/login HTTP/1.1" 400 66 "-" "PostmanRuntime/7.30.1"

info: ::1 - - [16/Feb/2023:15:51:44 +0000] "GET /api/v1/users/ HTTP/1.1" 404 47 "-" "PostmanRuntime/7.30.1"

info: ::1 - - [16/Feb/2023:15:54:52 +0000] "POST /api/v1/users/newuser HTTP/1.1" 201 270 "-" "PostmanRuntime/7.30.1"

info: ::1 - - [16/Feb/2023:15:55:33 +0000] "GET /api/v1/users/login HTTP/1.1" 500 54 "-" "PostmanRuntime/7.30.1"

info: ::1 - - [16/Feb/2023:15:55:45 +0000] "GET /api/v1/users/login HTTP/1.1" 500 54 "-" "PostmanRuntime/7.30.1"

info: ::1 - - [16/Feb/2023:15:59:32 +0000] "POST /api/v1/users/user HTTP/1.1" 404 47 "-" "PostmanRuntime/7.30.1"

info: ::1 - - [16/Feb/2023:15:59:59 +0000] "POST /api/v1/users/newuser HTTP/1.1" 201 270 "-" "PostmanRuntime/7.30.1"

info: ::1 - - [16/Feb/2023:16:00:23 +0000] "GET /api/v1/users/login HTTP/1.1" 500 54 "-" "PostmanRuntime/7.30.1"

info: ::1 - - [16/Feb/2023:16:00:58 +0000] "GET /api/v1/users/login HTTP/1.1" 500 54 "-" "PostmanRuntime/7.30.1"

info: ::1 - - [16/Feb/2023:16:02:32 +0000] "GET /api/v1/users/login HTTP/1.1" 500 54 "-" "PostmanRuntime/7.30.1"

info: ::1 - - [16/Feb/2023:16:09:02 +0000] "POST /api/v1/users/newuser HTTP/1.1" 201 270 "-" "PostmanRuntime/7.30.1"

info: ::1 - - [16/Feb/2023:16:09:25 +0000] "GET /api/v1/users/63ee551d6c1faf4e4cb0d6e9 HTTP/1.1" 404 47 "-" "PostmanRuntime/7.30.1"

info: ::1 - - [16/Feb/2023:16:09:33 +0000] "GET /api/v1/users/login HTTP/1.1" 400 66 "-" "PostmanRuntime/7.30.1"

info: ::1 - - [16/Feb/2023:16:10:08 +0000] "GET /api/v1/users/login/mrdfsa@gmail.com HTTP/1.1" 404 47 "-" "PostmanRuntime/7.30.1"

info: ::1 - - [16/Feb/2023:16:10:30 +0000] "GET /api/v1/users/login/ HTTP/1.1" 400 66 "-" "PostmanRuntime/7.30.1"

info: ::1 - - [16/Feb/2023:16:11:53 +0000] "POST /api/v1/users/newuser/ HTTP/1.1" 201 269 "-" "PostmanRuntime/7.30.1"

info: ::1 - - [16/Feb/2023:16:12:30 +0000] "GET /api/v1/users/newuser/ HTTP/1.1" 404 47 "-" "PostmanRuntime/7.30.1"

info: ::1 - - [16/Feb/2023:16:12:47 +0000] "GET /api/v1/users/login/ HTTP/1.1" 400 66 "-" "PostmanRuntime/7.30.1"

info: ::1 - - [16/Feb/2023:16:17:26 +0000] "POST /api/v1/users/newuser/ HTTP/1.1" 201 304 "-" "PostmanRuntime/7.30.1"

info: ::1 - - [16/Feb/2023:16:17:49 +0000] "GET /api/v1/users/login/ HTTP/1.1" 500 54 "-" "PostmanRuntime/7.30.1"

info: ::1 - - [16/Feb/2023:16:20:19 +0000] "POST /api/v1/users/newuser/ HTTP/1.1" 201 268 "-" "PostmanRuntime/7.30.1"

info: ::1 - - [16/Feb/2023:16:20:54 +0000] "GET /api/v1/users/abcd@gmail.com HTTP/1.1" 404 47 "-" "PostmanRuntime/7.30.1"

info: ::1 - - [16/Feb/2023:16:21:09 +0000] "GET /api/v1/users/login/abcd@gmail.com HTTP/1.1" 404 47 "-" "PostmanRuntime/7.30.1"

info: ::1 - - [16/Feb/2023:17:05:45 +0000] "GET /api/v1/users/login/abcd@gmail.com HTTP/1.1" 404 47 "-" "PostmanRuntime/7.30.1"

info: ::1 - - [16/Feb/2023:17:06:43 +0000] "GET /api/v1/users/login/ HTTP/1.1" 200 60 "-" "PostmanRuntime/7.30.1"

info: ::1 - - [16/Feb/2023:17:06:55 +0000] "GET /api/v1/users/login/ HTTP/1.1" 200 60 "-" "PostmanRuntime/7.30.1"

info: ::1 - - [16/Feb/2023:17:12:41 +0000] "GET /api/v1/users/login/ HTTP/1.1" 200 60 "-" "PostmanRuntime/7.30.1"

info: ::1 - - [16/Feb/2023:17:17:45 +0000] "POST /api/v1/users/newuser/ HTTP/1.1" 500 60 "-" "PostmanRuntime/7.30.1"

info: ::1 - - [16/Feb/2023:17:24:31 +0000] "POST /api/v1/users/newuser/ HTTP/1.1" 201 268 "-" "PostmanRuntime/7.30.1"

info: ::1 - - [16/Feb/2023:17:25:23 +0000] "GET /api/v1/users/login/ HTTP/1.1" 200 501 "-" "PostmanRuntime/7.30.1"

