info: ::1 - - [22/Feb/2023:08:30:12 +0000] "POST /api/v1/note/ HTTP/1.1" 500 59 "-" "PostmanRuntime/7.31.0"

info: ::1 - - [22/Feb/2023:08:30:35 +0000] "POST /api/v1/note/ HTTP/1.1" 201 171 "-" "PostmanRuntime/7.31.0"

info: ::1 - - [22/Feb/2023:08:30:40 +0000] "POST /api/v1/note/ HTTP/1.1" 201 171 "-" "PostmanRuntime/7.31.0"

info: ::1 - - [22/Feb/2023:08:30:42 +0000] "POST /api/v1/note/ HTTP/1.1" 201 171 "-" "PostmanRuntime/7.31.0"

info: ::1 - - [22/Feb/2023:08:30:52 +0000] "GET /api/v1/note/ HTTP/1.1" 202 4082 "-" "PostmanRuntime/7.31.0"

info: ::1 - - [22/Feb/2023:08:32:49 +0000] "GET /api/v1/note/63f5d2aa69f5224bb078bc47 HTTP/1.1" 202 167 "-" "PostmanRuntime/7.31.0"

info: ::1 - - [22/Feb/2023:08:33:07 +0000] "PUT /api/v1/note/63f5d2aa69f5224bb078bc47 HTTP/1.1" 400 40 "-" "PostmanRuntime/7.31.0"

info: ::1 - - [22/Feb/2023:08:34:25 +0000] "PUT /api/v1/note/63f5d2aa69f5224bb078bc47 HTTP/1.1" 202 172 "-" "PostmanRuntime/7.31.0"

info: ::1 - - [22/Feb/2023:08:34:45 +0000] "PUT /api/v1/note/63f5d2aa69f5224bb078bc47 HTTP/1.1" 202 172 "-" "PostmanRuntime/7.31.0"

info: ::1 - - [22/Feb/2023:08:35:01 +0000] "PUT /api/v1/note/63f5d2aa69f5224bb078bc47 HTTP/1.1" 202 172 "-" "PostmanRuntime/7.31.0"

info: ::1 - - [22/Feb/2023:08:35:55 +0000] "PUT /api/v1/note/63f5d2aa69f5224bb078bc47 HTTP/1.1" 202 172 "-" "PostmanRuntime/7.31.0"

info: ::1 - - [22/Feb/2023:08:37:07 +0000] "POST /api/v1/note/ HTTP/1.1" 201 174 "-" "PostmanRuntime/7.31.0"

info: ::1 - - [22/Feb/2023:08:37:26 +0000] "GET /api/v1/note/63f5d433a473102b507596b3 HTTP/1.1" 202 170 "-" "PostmanRuntime/7.31.0"

info: ::1 - - [22/Feb/2023:08:37:42 +0000] "PUT /api/v1/note/63f5d433a473102b507596b3 HTTP/1.1" 202 175 "-" "PostmanRuntime/7.31.0"

info: ::1 - - [22/Feb/2023:08:39:57 +0000] "PUT /api/v1/note/63f5d433a473102b507596b3 HTTP/1.1" 202 175 "-" "PostmanRuntime/7.31.0"

info: ::1 - - [22/Feb/2023:08:41:58 +0000] "PUT /api/v1/note/63f5d433a473102b507596b3 HTTP/1.1" 202 62 "-" "PostmanRuntime/7.31.0"

info: ::1 - - [22/Feb/2023:08:43:05 +0000] "PUT /api/v1/note/63f5d433a473102b507596b3 HTTP/1.1" 202 175 "-" "PostmanRuntime/7.31.0"

info: ::1 - - [22/Feb/2023:08:44:02 +0000] "PUT /api/v1/note/63f5d433a473102b507596b3 HTTP/1.1" 202 176 "-" "PostmanRuntime/7.31.0"

info: ::1 - - [22/Feb/2023:08:44:13 +0000] "DELETE /api/v1/note/63f5d433a473102b507596b3 HTTP/1.1" 200 60 "-" "PostmanRuntime/7.31.0"

info: ::1 - - [22/Feb/2023:09:01:45 +0000] "POST /api/v1/note/63f5d433a473102b507596b3 HTTP/1.1" 404 47 "-" "PostmanRuntime/7.31.0"

info: ::1 - - [22/Feb/2023:09:01:53 +0000] "POST /api/v1/note/ HTTP/1.1" 201 175 "-" "PostmanRuntime/7.31.0"

info: ::1 - - [22/Feb/2023:09:02:05 +0000] "GET /api/v1/note/63f5da011a024f02842e6342 HTTP/1.1" 202 171 "-" "PostmanRuntime/7.31.0"

info: ::1 - - [22/Feb/2023:09:02:15 +0000] "PUT /api/v1/note/63f5da011a024f02842e6342 HTTP/1.1" 202 176 "-" "PostmanRuntime/7.31.0"

info: ::1 - - [22/Feb/2023:09:03:40 +0000] "PUT /api/v1/note/63f5da011a024f02842e6342/trash HTTP/1.1" 202 177 "-" "PostmanRuntime/7.31.0"

info: ::1 - - [22/Feb/2023:09:03:42 +0000] "PUT /api/v1/note/63f5da011a024f02842e6342/trash HTTP/1.1" 202 189 "-" "PostmanRuntime/7.31.0"

info: ::1 - - [22/Feb/2023:09:03:51 +0000] "PUT /api/v1/note/63f5da011a024f02842e6342/trash HTTP/1.1" 202 190 "-" "PostmanRuntime/7.31.0"

info: ::1 - - [22/Feb/2023:09:03:56 +0000] "PUT /api/v1/note/63f5da011a024f02842e6342/trash HTTP/1.1" 202 189 "-" "PostmanRuntime/7.31.0"

info: ::1 - - [22/Feb/2023:09:04:00 +0000] "PUT /api/v1/note/63f5da011a024f02842e6342/trash HTTP/1.1" 202 190 "-" "PostmanRuntime/7.31.0"

info: ::1 - - [22/Feb/2023:09:04:10 +0000] "DELETE /api/v1/note/63f5da011a024f02842e6342/ HTTP/1.1" 200 60 "-" "PostmanRuntime/7.31.0"

info: ::1 - - [22/Feb/2023:09:04:23 +0000] "PUT /api/v1/note/63f5da011a024f02842e6342/archive HTTP/1.1" 202 190 "-" "PostmanRuntime/7.31.0"

info: ::1 - - [22/Feb/2023:09:04:33 +0000] "PUT /api/v1/note/63f5da011a024f02842e6342/archive HTTP/1.1" 202 189 "-" "PostmanRuntime/7.31.0"

info: ::1 - - [22/Feb/2023:09:04:53 +0000] "PUT /api/v1/note/63f5da011a024f02842e6342/archive HTTP/1.1" 202 190 "-" "PostmanRuntime/7.31.0"

info: ::1 - - [22/Feb/2023:09:07:59 +0000] "PUT /api/v1/note/63f5da011a024f02842e6342/archive HTTP/1.1" 202 189 "-" "PostmanRuntime/7.31.0"

info: ::1 - - [22/Feb/2023:09:08:32 +0000] "PUT /api/v1/note/63f5da011a024f02842e6342/ HTTP/1.1" 202 189 "-" "PostmanRuntime/7.31.0"

info: ::1 - - [22/Feb/2023:09:19:12 +0000] "PUT /api/v1/note/63f5da011a024f02842e6342/ HTTP/1.1" 202 62 "-" "PostmanRuntime/7.31.0"

info: ::1 - - [22/Feb/2023:09:21:29 +0000] "PUT /api/v1/note/63f5da011a024f02842e6342/ HTTP/1.1" 202 190 "-" "PostmanRuntime/7.31.0"

info: ::1 - - [22/Feb/2023:09:21:41 +0000] "PUT /api/v1/note/63f5da011a024f02842e6342/ HTTP/1.1" 202 190 "-" "PostmanRuntime/7.31.0"

info: ::1 - - [22/Feb/2023:09:21:47 +0000] "PUT /api/v1/note/63f5da011a024f02842e6342/ HTTP/1.1" 202 191 "-" "PostmanRuntime/7.31.0"

info: ::1 - - [22/Feb/2023:09:22:06 +0000] "PUT /api/v1/note/63f5da011a024f02842e6342/ HTTP/1.1" 202 191 "-" "PostmanRuntime/7.31.0"

info: ::1 - - [22/Feb/2023:09:22:12 +0000] "PUT /api/v1/note/63f5da011a024f02842e6342/ HTTP/1.1" 202 192 "-" "PostmanRuntime/7.31.0"

info: ::1 - - [22/Feb/2023:09:22:43 +0000] "PUT /api/v1/note/63f5da011a024f02842e6342/ HTTP/1.1" 202 192 "-" "PostmanRuntime/7.31.0"

info: ::1 - - [22/Feb/2023:09:22:46 +0000] "PUT /api/v1/note/63f5da011a024f02842e6342/ HTTP/1.1" 202 194 "-" "PostmanRuntime/7.31.0"

info: ::1 - - [22/Feb/2023:09:23:51 +0000] "PUT /api/v1/note/63f5da011a024f02842e6342/ HTTP/1.1" 202 194 "-" "PostmanRuntime/7.31.0"

info: ::1 - - [22/Feb/2023:09:23:56 +0000] "PUT /api/v1/note/63f5da011a024f02842e6342/ HTTP/1.1" 202 197 "-" "PostmanRuntime/7.31.0"

info: ::1 - - [22/Feb/2023:09:25:08 +0000] "DELETE /api/v1/note/63f5da011a024f02842e6342/ HTTP/1.1" 200 60 "-" "PostmanRuntime/7.31.0"

info: ::1 - - [22/Feb/2023:09:25:26 +0000] "DELETE /api/v1/note/63f5da011a024f02842e6342/ HTTP/1.1" 200 60 "-" "PostmanRuntime/7.31.0"

info: ::1 - - [22/Feb/2023:09:26:00 +0000] "GET /api/v1/note/ HTTP/1.1" 202 4341 "-" "PostmanRuntime/7.31.0"

info: ::1 - - [22/Feb/2023:09:27:39 +0000] "DELETE /api/v1/note/63f5da011a024f02842e6342 HTTP/1.1" 200 60 "-" "PostmanRuntime/7.31.0"

info: ::1 - - [22/Feb/2023:09:27:54 +0000] "GET /api/v1/note/ HTTP/1.1" 202 4201 "-" "PostmanRuntime/7.31.0"

info: ::1 - - [22/Feb/2023:09:28:12 +0000] "DELETE /api/v1/note/ HTTP/1.1" 404 47 "-" "PostmanRuntime/7.31.0"

info: ::1 - - [22/Feb/2023:09:28:20 +0000] "DELETE /api/v1/note/63f5da011a024f02842e6342 HTTP/1.1" 200 60 "-" "PostmanRuntime/7.31.0"

info: ::1 - - [22/Feb/2023:09:34:55 +0000] "POST /api/v1/note/ HTTP/1.1" 201 185 "-" "PostmanRuntime/7.31.0"

info: ::1 - - [22/Feb/2023:09:35:08 +0000] "GET /api/v1/note/ HTTP/1.1" 202 4330 "-" "PostmanRuntime/7.31.0"

info: ::1 - - [22/Feb/2023:09:35:16 +0000] "GET /api/v1/note/63f5e1bf3865015744248b43 HTTP/1.1" 202 181 "-" "PostmanRuntime/7.31.0"

info: ::1 - - [22/Feb/2023:09:35:27 +0000] "PUT /api/v1/note/63f5e1bf3865015744248b43 HTTP/1.1" 202 186 "-" "PostmanRuntime/7.31.0"

info: ::1 - - [22/Feb/2023:09:35:30 +0000] "PUT /api/v1/note/63f5e1bf3865015744248b43 HTTP/1.1" 202 187 "-" "PostmanRuntime/7.31.0"

info: ::1 - - [22/Feb/2023:09:35:44 +0000] "DELETE /api/v1/note/63f5e1bf3865015744248b43 HTTP/1.1" 200 60 "-" "PostmanRuntime/7.31.0"

info: ::1 - - [22/Feb/2023:09:36:06 +0000] "PUT /api/v1/note/63f5e1bf3865015744248b43/archive HTTP/1.1" 400 50 "-" "PostmanRuntime/7.31.0"

info: ::1 - - [22/Feb/2023:09:36:23 +0000] "PUT /api/v1/note/63f5e1bf3865015744248b43/trash HTTP/1.1" 400 50 "-" "PostmanRuntime/7.31.0"

info: ::1 - - [22/Feb/2023:09:36:49 +0000] "GET /api/v1/note/63f5e1bf3865015744248b43 HTTP/1.1" 202 57 "-" "PostmanRuntime/7.31.0"

info: ::1 - - [22/Feb/2023:09:37:16 +0000] "POST /api/v1/note/ HTTP/1.1" 201 186 "-" "PostmanRuntime/7.31.0"

info: ::1 - - [22/Feb/2023:09:37:21 +0000] "POST /api/v1/note/ HTTP/1.1" 201 186 "-" "PostmanRuntime/7.31.0"

info: ::1 - - [22/Feb/2023:09:37:30 +0000] "POST /api/v1/note/63f5e1bf3865015744248b43/archive HTTP/1.1" 404 47 "-" "PostmanRuntime/7.31.0"

info: ::1 - - [22/Feb/2023:09:37:38 +0000] "PUT /api/v1/note/63f5e1bf3865015744248b43/archive HTTP/1.1" 400 50 "-" "PostmanRuntime/7.31.0"

info: ::1 - - [22/Feb/2023:09:39:06 +0000] "PUT /api/v1/note/63f5e1bf3865015744248b43/archive HTTP/1.1" 400 50 "-" "PostmanRuntime/7.31.0"

info: ::1 - - [22/Feb/2023:09:39:07 +0000] "PUT /api/v1/note/63f5e1bf3865015744248b43/archive HTTP/1.1" 400 50 "-" "PostmanRuntime/7.31.0"

info: ::1 - - [22/Feb/2023:09:39:18 +0000] "PUT /api/v1/note/63f5e1bf3865015744248b43/archive HTTP/1.1" 400 50 "-" "PostmanRuntime/7.31.0"

info: ::1 - - [22/Feb/2023:09:40:28 +0000] "POST /api/v1/note/63f5e1bf3865015744248b43/archive HTTP/1.1" 404 47 "-" "PostmanRuntime/7.31.0"

info: ::1 - - [22/Feb/2023:09:40:35 +0000] "POST /api/v1/note/ HTTP/1.1" 201 191 "-" "PostmanRuntime/7.31.0"

info: ::1 - - [22/Feb/2023:09:40:48 +0000] "GET /api/v1/note/ HTTP/1.1" 202 4596 "-" "PostmanRuntime/7.31.0"

info: ::1 - - [22/Feb/2023:09:40:58 +0000] "GET /api/v1/note/63f5e3133865015744248b55 HTTP/1.1" 202 187 "-" "PostmanRuntime/7.31.0"

info: ::1 - - [22/Feb/2023:09:41:09 +0000] "GET /api/v1/note/63f5e3133865015744248b55/archive HTTP/1.1" 404 47 "-" "PostmanRuntime/7.31.0"

info: ::1 - - [22/Feb/2023:09:41:15 +0000] "PUT /api/v1/note/63f5e3133865015744248b55/archive HTTP/1.1" 202 193 "-" "PostmanRuntime/7.31.0"

info: ::1 - - [22/Feb/2023:09:41:22 +0000] "PUT /api/v1/note/63f5e3133865015744248b55/archive HTTP/1.1" 202 205 "-" "PostmanRuntime/7.31.0"

info: ::1 - - [22/Feb/2023:09:41:24 +0000] "PUT /api/v1/note/63f5e3133865015744248b55/archive HTTP/1.1" 202 206 "-" "PostmanRuntime/7.31.0"

info: ::1 - - [22/Feb/2023:09:41:26 +0000] "PUT /api/v1/note/63f5e3133865015744248b55/archive HTTP/1.1" 202 205 "-" "PostmanRuntime/7.31.0"

info: ::1 - - [22/Feb/2023:09:41:46 +0000] "PUT /api/v1/note/63f5e3133865015744248b55/trash HTTP/1.1" 202 205 "-" "PostmanRuntime/7.31.0"

info: ::1 - - [22/Feb/2023:09:41:48 +0000] "PUT /api/v1/note/63f5e3133865015744248b55/trash HTTP/1.1" 202 204 "-" "PostmanRuntime/7.31.0"

info: ::1 - - [22/Feb/2023:09:55:00 +0000] "GET /api/v1/note/63f5e3133865015744248b55 HTTP/1.1" 202 200 "-" "PostmanRuntime/7.31.0"

info: ::1 - - [22/Feb/2023:09:55:17 +0000] "GET /api/v1/note/63f5e3133865015744248b55 HTTP/1.1" 202 200 "-" "PostmanRuntime/7.31.0"

