info: ::1 - - [20/Feb/2023:10:22:03 +0000] "GET /api/v1/users/login HTTP/1.1" 500 53 "-" "PostmanRuntime/7.31.0"

info: ::1 - - [20/Feb/2023:10:26:42 +0000] "GET /api/v1/users/login/ HTTP/1.1" 500 71 "-" "PostmanRuntime/7.31.0"

info: ::1 - - [20/Feb/2023:10:26:57 +0000] "GET /api/v1/users/login/ HTTP/1.1" 500 71 "-" "PostmanRuntime/7.31.0"

info: ::1 - - [20/Feb/2023:10:34:08 +0000] "GET /api/v1/users/login/ HTTP/1.1" 500 71 "-" "PostmanRuntime/7.31.0"

info: ::1 - - [20/Feb/2023:10:46:14 +0000] "GET /api/v1/users/login/ HTTP/1.1" 500 71 "-" "PostmanRuntime/7.31.0"

info: ::1 - - [20/Feb/2023:10:46:23 +0000] "POST /api/v1/users/login/ HTTP/1.1" 404 47 "-" "PostmanRuntime/7.31.0"

info: ::1 - - [20/Feb/2023:10:50:53 +0000] "POST /api/v1/users/ HTTP/1.1" 500 126 "-" "PostmanRuntime/7.31.0"

info: ::1 - - [20/Feb/2023:10:51:02 +0000] "POST /api/v1/users/ HTTP/1.1" 201 316 "-" "PostmanRuntime/7.31.0"

info: ::1 - - [20/Feb/2023:10:52:22 +0000] "POST /api/v1/users/ HTTP/1.1" 201 318 "-" "PostmanRuntime/7.31.0"

info: ::1 - - [20/Feb/2023:10:53:37 +0000] "POST /api/v1/users/ HTTP/1.1" 400 62 "-" "PostmanRuntime/7.31.0"

info: ::1 - - [20/Feb/2023:10:53:49 +0000] "POST /api/v1/users/ HTTP/1.1" 201 320 "-" "PostmanRuntime/7.31.0"

info: ::1 - - [20/Feb/2023:11:27:45 +0000] "GET /api/v1/users/ HTTP/1.1" 404 47 "-" "PostmanRuntime/7.31.0"

info: ::1 - - [20/Feb/2023:11:27:52 +0000] "GET /api/v1/users/login HTTP/1.1" 500 71 "-" "PostmanRuntime/7.31.0"

info: ::1 - - [20/Feb/2023:13:10:46 +0000] "GET /api/v1/users/login HTTP/1.1" 500 53 "-" "PostmanRuntime/7.31.0"

info: ::1 - - [20/Feb/2023:13:11:46 +0000] "GET /api/v1/users/login HTTP/1.1" 200 206 "-" "PostmanRuntime/7.31.0"

info: ::1 - - [20/Feb/2023:13:22:10 +0000] "GET /api/v1/users/login HTTP/1.1" 500 53 "-" "PostmanRuntime/7.31.0"

info: ::1 - - [20/Feb/2023:13:23:02 +0000] "GET /api/v1/users/login HTTP/1.1" 200 48 "-" "PostmanRuntime/7.31.0"

info: ::1 - - [20/Feb/2023:13:25:25 +0000] "GET /api/v1/users/login HTTP/1.1" 200 48 "-" "PostmanRuntime/7.31.0"

info: ::1 - - [20/Feb/2023:13:26:09 +0000] "GET /api/v1/users/login HTTP/1.1" 200 474 "-" "PostmanRuntime/7.31.0"

info: ::1 - - [20/Feb/2023:13:28:33 +0000] "POST /api/v1/users/ HTTP/1.1" 201 481 "-" "PostmanRuntime/7.31.0"

info: ::1 - - [20/Feb/2023:14:06:29 +0000] "GET /api/v1/users/get HTTP/1.1" 400 56 "-" "PostmanRuntime/7.31.0"

info: ::1 - - [20/Feb/2023:14:08:48 +0000] "GET /api/v1/users/ HTTP/1.1" 404 47 "-" "PostmanRuntime/7.31.0"

info: ::1 - - [20/Feb/2023:14:08:55 +0000] "GET /api/v1/users/get HTTP/1.1" 400 56 "-" "PostmanRuntime/7.31.0"

info: ::1 - - [20/Feb/2023:14:09:04 +0000] "GET /api/v1/users/ HTTP/1.1" 404 47 "-" "PostmanRuntime/7.31.0"

info: ::1 - - [20/Feb/2023:14:09:37 +0000] "GET /api/v1/users/login HTTP/1.1" 200 476 "-" "PostmanRuntime/7.31.0"

info: ::1 - - [20/Feb/2023:14:10:22 +0000] "GET /api/v1/users/get HTTP/1.1" 500 52 "-" "PostmanRuntime/7.31.0"

info: ::1 - - [20/Feb/2023:14:41:52 +0000] "GET /api/v1/users/get HTTP/1.1" 400 56 "-" "PostmanRuntime/7.31.0"

info: ::1 - - [20/Feb/2023:14:42:30 +0000] "GET /api/v1/users/get HTTP/1.1" 500 52 "-" "PostmanRuntime/7.31.0"

info: ::1 - - [20/Feb/2023:15:03:15 +0000] "POST /api/v1/users/ HTTP/1.1" 400 61 "-" "PostmanRuntime/7.31.0"

info: ::1 - - [20/Feb/2023:15:03:26 +0000] "POST /api/v1/users/ HTTP/1.1" 201 324 "-" "PostmanRuntime/7.31.0"

info: ::1 - - [20/Feb/2023:15:06:11 +0000] "POST /api/v1/users/login HTTP/1.1" 404 47 "-" "PostmanRuntime/7.31.0"

info: ::1 - - [20/Feb/2023:15:06:22 +0000] "GET /api/v1/users/login HTTP/1.1" 200 478 "-" "PostmanRuntime/7.31.0"

info: ::1 - - [20/Feb/2023:15:06:27 +0000] "GET /api/v1/users/login HTTP/1.1" 200 478 "-" "PostmanRuntime/7.31.0"

info: ::1 - - [20/Feb/2023:15:07:28 +0000] "GET /api/v1/users/get HTTP/1.1" 500 52 "-" "PostmanRuntime/7.31.0"

info: ::1 - - [20/Feb/2023:16:56:38 +0000] "POST /api/v1/note/ HTTP/1.1" 500 52 "-" "PostmanRuntime/7.31.0"

info: ::1 - - [20/Feb/2023:16:56:57 +0000] "POST /api/v1/note/ HTTP/1.1" 400 56 "-" "PostmanRuntime/7.31.0"

info: ::1 - - [20/Feb/2023:16:58:25 +0000] "POST /api/v1/note/ HTTP/1.1" 400 56 "-" "PostmanRuntime/7.31.0"

info: ::1 - - [20/Feb/2023:16:58:30 +0000] "POST /api/v1/note/ HTTP/1.1" 400 56 "-" "PostmanRuntime/7.31.0"

info: ::1 - - [20/Feb/2023:16:58:53 +0000] "POST /api/v1/note/ HTTP/1.1" 201 150 "-" "PostmanRuntime/7.31.0"

info: ::1 - - [20/Feb/2023:17:01:12 +0000] "POST /api/v1/note/ HTTP/1.1" 500 56 "-" "PostmanRuntime/7.31.0"

info: ::1 - - [20/Feb/2023:17:01:35 +0000] "POST /api/v1/note/ HTTP/1.1" 500 56 "-" "PostmanRuntime/7.31.0"

info: ::1 - - [20/Feb/2023:17:01:45 +0000] "POST /api/v1/note/ HTTP/1.1" 400 56 "-" "PostmanRuntime/7.31.0"

info: ::1 - - [20/Feb/2023:17:02:03 +0000] "POST /api/v1/note/ HTTP/1.1" 500 52 "-" "PostmanRuntime/7.31.0"

info: ::1 - - [20/Feb/2023:17:11:00 +0000] "POST /api/v1/note/ HTTP/1.1" 500 52 "-" "PostmanRuntime/7.31.0"

info: ::1 - - [20/Feb/2023:17:20:53 +0000] "POST /api/v1/note/ HTTP/1.1" 500 52 "-" "PostmanRuntime/7.31.0"

info: ::1 - - [20/Feb/2023:17:21:18 +0000] "POST /api/v1/note/ HTTP/1.1" 201 150 "-" "PostmanRuntime/7.31.0"

info: ::1 - - [20/Feb/2023:17:21:29 +0000] "GET /api/v1/note/get HTTP/1.1" 202 238 "-" "PostmanRuntime/7.31.0"

info: ::1 - - [20/Feb/2023:17:21:56 +0000] "POST /api/v1/note/ HTTP/1.1" 500 52 "-" "PostmanRuntime/7.31.0"

info: ::1 - - [20/Feb/2023:17:23:00 +0000] "GET /api/v1/users/get HTTP/1.1" 500 52 "-" "PostmanRuntime/7.31.0"

info: ::1 - - [20/Feb/2023:17:23:12 +0000] "GET /api/v1/users/login HTTP/1.1" 200 476 "-" "PostmanRuntime/7.31.0"

info: ::1 - - [20/Feb/2023:17:23:36 +0000] "POST /api/v1/note/ HTTP/1.1" 500 52 "-" "PostmanRuntime/7.31.0"

info: ::1 - - [20/Feb/2023:17:23:57 +0000] "POST /api/v1/note/ HTTP/1.1" 500 52 "-" "PostmanRuntime/7.31.0"

info: ::1 - - [20/Feb/2023:17:27:29 +0000] "POST /api/v1/note/ HTTP/1.1" 201 150 "-" "PostmanRuntime/7.31.0"

info: ::1 - - [20/Feb/2023:17:27:37 +0000] "POST /api/v1/note/ HTTP/1.1" 201 150 "-" "PostmanRuntime/7.31.0"

info: ::1 - - [20/Feb/2023:17:27:50 +0000] "GET /api/v1/note/get HTTP/1.1" 202 426 "-" "PostmanRuntime/7.31.0"

info: ::1 - - [20/Feb/2023:17:28:40 +0000] "GET /api/v1/note/get HTTP/1.1" 202 426 "-" "PostmanRuntime/7.31.0"

info: ::1 - - [20/Feb/2023:17:29:09 +0000] "POST /api/v1/note/ HTTP/1.1" 400 56 "-" "PostmanRuntime/7.31.0"

info: ::1 - - [20/Feb/2023:17:29:16 +0000] "POST /api/v1/note/ HTTP/1.1" 201 150 "-" "PostmanRuntime/7.31.0"

info: ::1 - - [20/Feb/2023:17:29:40 +0000] "GET /api/v1/note/get HTTP/1.1" 202 520 "-" "PostmanRuntime/7.31.0"

info: ::1 - - [20/Feb/2023:17:30:35 +0000] "GET /api/v1/note/get HTTP/1.1" 400 56 "-" "PostmanRuntime/7.31.0"

info: ::1 - - [20/Feb/2023:17:30:43 +0000] "GET /api/v1/note/get HTTP/1.1" 202 520 "-" "PostmanRuntime/7.31.0"

info: ::1 - - [20/Feb/2023:17:32:18 +0000] "GET /api/v1/note/get HTTP/1.1" 400 56 "-" "PostmanRuntime/7.31.0"

info: ::1 - - [20/Feb/2023:17:32:23 +0000] "GET /api/v1/note/get HTTP/1.1" 202 520 "-" "PostmanRuntime/7.31.0"

info: ::1 - - [20/Feb/2023:17:51:39 +0000] "POST /api/v1/note/ HTTP/1.1" 201 151 "-" "PostmanRuntime/7.31.0"

info: ::1 - - [20/Feb/2023:17:52:04 +0000] "GET /api/v1/note/get HTTP/1.1" 400 42 "-" "PostmanRuntime/7.31.0"

info: ::1 - - [20/Feb/2023:17:53:35 +0000] "GET /api/v1/note/get HTTP/1.1" 400 42 "-" "PostmanRuntime/7.31.0"

info: ::1 - - [20/Feb/2023:17:53:44 +0000] "GET /api/v1/note/ HTTP/1.1" 404 47 "-" "PostmanRuntime/7.31.0"

info: ::1 - - [20/Feb/2023:17:53:50 +0000] "GET /api/v1/note/63f3b32b5fa4c217e05f9beb HTTP/1.1" 400 42 "-" "PostmanRuntime/7.31.0"

info: ::1 - - [20/Feb/2023:17:56:16 +0000] "GET /api/v1/note/63f3b32b5fa4c217e05f9beb HTTP/1.1" 400 42 "-" "PostmanRuntime/7.31.0"

info: ::1 - - [20/Feb/2023:17:56:23 +0000] "GET /api/v1/note/ HTTP/1.1" 202 615 "-" "PostmanRuntime/7.31.0"

info: ::1 - - [20/Feb/2023:17:57:27 +0000] "GET /api/v1/note/63f3a6cc0c58276bcce9faaf HTTP/1.1" 400 42 "-" "PostmanRuntime/7.31.0"

info: ::1 - - [20/Feb/2023:17:57:40 +0000] "GET /api/v1/note/ HTTP/1.1" 400 56 "-" "PostmanRuntime/7.31.0"

info: ::1 - - [20/Feb/2023:17:59:49 +0000] "GET /api/v1/note/ HTTP/1.1" 202 615 "-" "PostmanRuntime/7.31.0"

info: ::1 - - [20/Feb/2023:18:00:12 +0000] "GET /api/v1/note/63f3b32b5fa4c217e05f9beb HTTP/1.1" 400 42 "-" "PostmanRuntime/7.31.0"

info: ::1 - - [20/Feb/2023:18:00:34 +0000] "PUT /api/v1/note/63f3b32b5fa4c217e05f9beb HTTP/1.1" 400 40 "-" "PostmanRuntime/7.31.0"

info: ::1 - - [20/Feb/2023:18:02:49 +0000] "POST /api/v1/note/ HTTP/1.1" 201 158 "-" "PostmanRuntime/7.31.0"

info: ::1 - - [20/Feb/2023:18:02:59 +0000] "GET /api/v1/note/ HTTP/1.1" 202 717 "-" "PostmanRuntime/7.31.0"

info: ::1 - - [20/Feb/2023:18:03:13 +0000] "POST /api/v1/note/63f3b5c92817915304a95d38 HTTP/1.1" 404 47 "-" "PostmanRuntime/7.31.0"

info: ::1 - - [20/Feb/2023:18:03:28 +0000] "GET /api/v1/note/63f3b5c92817915304a95d38 HTTP/1.1" 400 42 "-" "PostmanRuntime/7.31.0"

info: ::1 - - [20/Feb/2023:18:03:40 +0000] "PUT /api/v1/note/63f3b5c92817915304a95d38 HTTP/1.1" 400 40 "-" "PostmanRuntime/7.31.0"

info: ::1 - - [20/Feb/2023:18:06:38 +0000] "POST /api/v1/note/ HTTP/1.1" 201 159 "-" "PostmanRuntime/7.31.0"

info: ::1 - - [20/Feb/2023:18:06:51 +0000] "GET /api/v1/note/ HTTP/1.1" 202 820 "-" "PostmanRuntime/7.31.0"

info: ::1 - - [20/Feb/2023:18:07:08 +0000] "GET /api/v1/note/63f3b6ae0318e65464fd88aa HTTP/1.1" 400 42 "-" "PostmanRuntime/7.31.0"

info: ::1 - - [20/Feb/2023:18:07:21 +0000] "PUT /api/v1/note/63f3b6ae0318e65464fd88aa HTTP/1.1" 400 40 "-" "PostmanRuntime/7.31.0"

info: ::1 - - [20/Feb/2023:18:10:31 +0000] "POST /api/v1/note/ HTTP/1.1" 201 159 "-" "PostmanRuntime/7.31.0"

info: ::1 - - [20/Feb/2023:18:10:40 +0000] "GET /api/v1/note/ HTTP/1.1" 202 923 "-" "PostmanRuntime/7.31.0"

info: ::1 - - [20/Feb/2023:18:10:51 +0000] "GET /api/v1/note/63f3b797f87da750dcaa0509 HTTP/1.1" 202 155 "-" "PostmanRuntime/7.31.0"

info: ::1 - - [20/Feb/2023:18:11:03 +0000] "PUT /api/v1/note/63f3b797f87da750dcaa0509 HTTP/1.1" 202 168 "-" "PostmanRuntime/7.31.0"

info: ::1 - - [20/Feb/2023:18:11:11 +0000] "DELETE /api/v1/note/63f3b797f87da750dcaa0509 HTTP/1.1" 200 60 "-" "PostmanRuntime/7.31.0"

