info: ::1 - - [19/Apr/2023:10:49:48 +0000] "POST /api/v1/users/ HTTP/1.1" 500 60 "-" "PostmanRuntime/7.32.2"

info: ::1 - - [19/Apr/2023:10:50:59 +0000] "POST /api/v1/users/ HTTP/1.1" 500 147 "-" "PostmanRuntime/7.32.2"

info: ::1 - - [19/Apr/2023:10:51:13 +0000] "POST /api/v1/users/ HTTP/1.1" 201 318 "-" "PostmanRuntime/7.32.2"

info: ::1 - - [19/Apr/2023:11:07:40 +0000] "POST /api/v1/users/ HTTP/1.1" 201 318 "-" "PostmanRuntime/7.32.2"

info: ::1 - - [19/Apr/2023:11:10:15 +0000] "POST /api/v1/users/login HTTP/1.1" 400 50 "-" "PostmanRuntime/7.32.2"

info: ::1 - - [19/Apr/2023:11:10:58 +0000] "POST /api/v1/users/login HTTP/1.1" 400 56 "-" "PostmanRuntime/7.32.2"

info: ::1 - - [19/Apr/2023:11:13:14 +0000] "POST /api/v1/users/login HTTP/1.1" 400 56 "-" "PostmanRuntime/7.32.2"

info: ::1 - - [19/Apr/2023:11:13:38 +0000] "POST /api/v1/users/login HTTP/1.1" 400 50 "-" "PostmanRuntime/7.32.2"

info: ::1 - - [19/Apr/2023:11:13:54 +0000] "POST /api/v1/users/login HTTP/1.1" 400 50 "-" "PostmanRuntime/7.32.2"

info: ::1 - - [19/Apr/2023:11:14:24 +0000] "POST /api/v1/users/login HTTP/1.1" 400 50 "-" "PostmanRuntime/7.32.2"

info: ::1 - - [19/Apr/2023:11:16:30 +0000] "POST /api/v1/users/login HTTP/1.1" 400 50 "-" "PostmanRuntime/7.32.2"

info: ::1 - - [19/Apr/2023:11:17:46 +0000] "POST /api/v1/users/login HTTP/1.1" 400 50 "-" "PostmanRuntime/7.32.2"

info: ::1 - - [19/Apr/2023:11:18:43 +0000] "POST /api/v1/users/login HTTP/1.1" 400 50 "-" "PostmanRuntime/7.32.2"

info: ::1 - - [19/Apr/2023:11:19:37 +0000] "POST /api/v1/users/login HTTP/1.1" 400 50 "-" "PostmanRuntime/7.32.2"

info: ::1 - - [19/Apr/2023:11:20:37 +0000] "POST /api/v1/users/login HTTP/1.1" 400 50 "-" "PostmanRuntime/7.32.2"

info: ::1 - - [19/Apr/2023:11:22:11 +0000] "POST /api/v1/users/login HTTP/1.1" 400 50 "-" "PostmanRuntime/7.32.2"

info: ::1 - - [19/Apr/2023:11:22:46 +0000] "POST /api/v1/users/login HTTP/1.1" 400 50 "-" "PostmanRuntime/7.32.2"

info: ::1 - - [19/Apr/2023:11:25:29 +0000] "POST /api/v1/users/login HTTP/1.1" 400 50 "-" "PostmanRuntime/7.32.2"

info: ::1 - - [19/Apr/2023:11:25:57 +0000] "POST /api/v1/users/login HTTP/1.1" 400 50 "-" "PostmanRuntime/7.32.2"

info: ::1 - - [19/Apr/2023:11:26:42 +0000] "POST /api/v1/users/login HTTP/1.1" 400 50 "-" "PostmanRuntime/7.32.2"

info: ::1 - - [19/Apr/2023:11:27:17 +0000] "POST /api/v1/users/login HTTP/1.1" 400 50 "-" "PostmanRuntime/7.32.2"

info: ::1 - - [19/Apr/2023:11:27:49 +0000] "POST /api/v1/users HTTP/1.1" 400 62 "-" "PostmanRuntime/7.32.2"

info: ::1 - - [19/Apr/2023:11:27:57 +0000] "POST /api/v1/users HTTP/1.1" 201 320 "-" "PostmanRuntime/7.32.2"

info: ::1 - - [19/Apr/2023:11:28:09 +0000] "POST /api/v1/users/login HTTP/1.1" 400 50 "-" "PostmanRuntime/7.32.2"

info: ::1 - - [19/Apr/2023:11:28:27 +0000] "POST /api/v1/users/login HTTP/1.1" 400 50 "-" "PostmanRuntime/7.32.2"

info: ::1 - - [19/Apr/2023:11:28:52 +0000] "POST /api/v1/users/login HTTP/1.1" 400 50 "-" "PostmanRuntime/7.32.2"

info: ::1 - - [19/Apr/2023:11:29:28 +0000] "POST /api/v1/users/login HTTP/1.1" 400 50 "-" "PostmanRuntime/7.32.2"

info: ::1 - - [19/Apr/2023:11:30:22 +0000] "POST /api/v1/users/login HTTP/1.1" 400 50 "-" "PostmanRuntime/7.32.2"

info: ::1 - - [19/Apr/2023:11:30:47 +0000] "POST /api/v1/users/login HTTP/1.1" 400 50 "-" "PostmanRuntime/7.32.2"

info: ::1 - - [19/Apr/2023:11:31:16 +0000] "POST /api/v1/users/login HTTP/1.1" 400 50 "-" "PostmanRuntime/7.32.2"

info: ::1 - - [19/Apr/2023:11:31:59 +0000] "POST /api/v1/users/login HTTP/1.1" 200 48 "-" "PostmanRuntime/7.32.2"

info: ::1 - - [19/Apr/2023:11:32:35 +0000] "POST /api/v1/users/login HTTP/1.1" 200 48 "-" "PostmanRuntime/7.32.2"

info: ::1 - - [19/Apr/2023:11:33:48 +0000] "POST /api/v1/users/login HTTP/1.1" 400 50 "-" "PostmanRuntime/7.32.2"

info: ::1 - - [19/Apr/2023:11:34:43 +0000] "POST /api/v1/users/login HTTP/1.1" 200 48 "-" "PostmanRuntime/7.32.2"

info: ::1 - - [19/Apr/2023:11:35:47 +0000] "POST /api/v1/users/login HTTP/1.1" 200 48 "-" "PostmanRuntime/7.32.2"

info: ::1 - - [19/Apr/2023:11:38:02 +0000] "POST /api/v1/users/login HTTP/1.1" 200 48 "-" "PostmanRuntime/7.32.2"

info: ::1 - - [19/Apr/2023:11:38:08 +0000] "POST /api/v1/users/login HTTP/1.1" 200 48 "-" "PostmanRuntime/7.32.2"

info: ::1 - - [19/Apr/2023:12:01:14 +0000] "POST /api/v1/users/login HTTP/1.1" 200 48 "-" "PostmanRuntime/7.32.2"

info: ::1 - - [19/Apr/2023:12:02:03 +0000] "POST /api/v1/users/login HTTP/1.1" 200 48 "-" "PostmanRuntime/7.32.2"

info: ::1 - - [19/Apr/2023:12:05:43 +0000] "POST /api/v1/users/login HTTP/1.1" 200 48 "-" "PostmanRuntime/7.32.2"

info: ::1 - - [19/Apr/2023:12:06:30 +0000] "POST /api/v1/users/login HTTP/1.1" 200 315 "-" "PostmanRuntime/7.32.2"

info: ::1 - - [19/Apr/2023:12:07:03 +0000] "POST /api/v1/users/login HTTP/1.1" 200 241 "-" "PostmanRuntime/7.32.2"

info: ::1 - - [19/Apr/2023:12:07:13 +0000] "POST /api/v1/users/login HTTP/1.1" 200 48 "-" "PostmanRuntime/7.32.2"

info: ::1 - - [19/Apr/2023:12:09:59 +0000] "POST /api/v1/users/login HTTP/1.1" 400 50 "-" "PostmanRuntime/7.32.2"

info: ::1 - - [19/Apr/2023:12:10:06 +0000] "POST /api/v1/users/login HTTP/1.1" 200 241 "-" "PostmanRuntime/7.32.2"

info: ::1 - - [19/Apr/2023:12:16:49 +0000] "POST /api/v1/users/login HTTP/1.1" 200 241 "-" "PostmanRuntime/7.32.2"

info: ::1 - - [19/Apr/2023:12:27:33 +0000] "POST /api/v1/users HTTP/1.1" 201 318 "http://localhost:3001/" "Mozilla/5.0 (Linux; Android 6.0; Nexus 5 Build/MRA58N) AppleWebKit/537.36 (KHTML, like Gecko) Chrome/112.0.0.0 Mobile Safari/537.36"

info: ::1 - - [19/Apr/2023:12:45:36 +0000] "POST /api/v1/users/login HTTP/1.1" 200 239 "http://localhost:3001/" "Mozilla/5.0 (Linux; Android 6.0; Nexus 5 Build/MRA58N) AppleWebKit/537.36 (KHTML, like Gecko) Chrome/112.0.0.0 Mobile Safari/537.36"

