info: ::1 - - [17/Feb/2023:02:42:24 +0000] "POST /api/v1/users/user/ HTTP/1.1" 404 47 "-" "PostmanRuntime/7.31.0"

info: ::1 - - [17/Feb/2023:02:42:50 +0000] "POST /api/v1/users/newuser/ HTTP/1.1" 201 268 "-" "PostmanRuntime/7.31.0"

info: ::1 - - [17/Feb/2023:02:44:22 +0000] "GET /api/v1/users/login/ HTTP/1.1" 400 69 "-" "PostmanRuntime/7.31.0"

info: ::1 - - [17/Feb/2023:02:44:32 +0000] "GET /api/v1/users/login/ HTTP/1.1" 200 263 "-" "PostmanRuntime/7.31.0"

info: ::1 - - [17/Feb/2023:02:44:53 +0000] "GET /api/v1/users/login/ HTTP/1.1" 400 69 "-" "PostmanRuntime/7.31.0"

info: ::1 - - [17/Feb/2023:02:45:00 +0000] "GET /api/v1/users/login/ HTTP/1.1" 200 263 "-" "PostmanRuntime/7.31.0"

info: ::1 - - [17/Feb/2023:02:48:36 +0000] "GET /api/v1/users/login/ HTTP/1.1" 400 69 "-" "PostmanRuntime/7.31.0"

info: ::1 - - [17/Feb/2023:02:49:51 +0000] "GET /api/v1/users/login/ HTTP/1.1" 400 69 "-" "PostmanRuntime/7.31.0"

info: ::1 - - [17/Feb/2023:02:50:30 +0000] "GET /api/v1/users/login/ HTTP/1.1" 400 69 "-" "PostmanRuntime/7.31.0"

info: ::1 - - [17/Feb/2023:02:50:59 +0000] "GET /api/v1/users/login/ HTTP/1.1" 400 69 "-" "PostmanRuntime/7.31.0"

info: ::1 - - [17/Feb/2023:02:51:08 +0000] "GET /api/v1/users/login/ HTTP/1.1" 400 69 "-" "PostmanRuntime/7.31.0"

info: ::1 - - [17/Feb/2023:02:52:41 +0000] "GET /api/v1/users/login/ HTTP/1.1" 200 263 "-" "PostmanRuntime/7.31.0"

info: ::1 - - [17/Feb/2023:02:53:17 +0000] "GET /api/v1/users/login/ HTTP/1.1" 200 263 "-" "PostmanRuntime/7.31.0"

info: ::1 - - [17/Feb/2023:02:53:23 +0000] "GET /api/v1/users/login/ HTTP/1.1" 200 263 "-" "PostmanRuntime/7.31.0"

info: ::1 - - [17/Feb/2023:02:55:13 +0000] "GET /api/v1/users/login/ HTTP/1.1" 200 263 "-" "PostmanRuntime/7.31.0"

info: ::1 - - [17/Feb/2023:02:55:20 +0000] "GET /api/v1/users/login/ HTTP/1.1" 200 263 "-" "PostmanRuntime/7.31.0"

info: ::1 - - [17/Feb/2023:02:56:27 +0000] "GET /api/v1/users/login/ HTTP/1.1" 200 263 "-" "PostmanRuntime/7.31.0"

info: ::1 - - [17/Feb/2023:02:57:08 +0000] "GET /api/v1/users/login/ HTTP/1.1" 400 68 "-" "PostmanRuntime/7.31.0"

info: ::1 - - [17/Feb/2023:02:57:28 +0000] "GET /api/v1/users/login/ HTTP/1.1" 200 263 "-" "PostmanRuntime/7.31.0"

info: ::1 - - [17/Feb/2023:02:57:34 +0000] "GET /api/v1/users/login/ HTTP/1.1" 200 263 "-" "PostmanRuntime/7.31.0"

info: ::1 - - [17/Feb/2023:02:57:41 +0000] "GET /api/v1/users/login/ HTTP/1.1" 200 263 "-" "PostmanRuntime/7.31.0"

info: ::1 - - [17/Feb/2023:02:59:06 +0000] "GET /api/v1/users/login/ HTTP/1.1" 500 86 "-" "PostmanRuntime/7.31.0"

info: ::1 - - [17/Feb/2023:02:59:16 +0000] "GET /api/v1/users/login/ HTTP/1.1" 200 263 "-" "PostmanRuntime/7.31.0"

info: ::1 - - [17/Feb/2023:03:00:22 +0000] "GET /api/v1/users/login/ HTTP/1.1" 400 68 "-" "PostmanRuntime/7.31.0"

info: ::1 - - [17/Feb/2023:03:00:40 +0000] "GET /api/v1/users/login/ HTTP/1.1" 200 263 "-" "PostmanRuntime/7.31.0"

info: ::1 - - [17/Feb/2023:03:00:47 +0000] "GET /api/v1/users/login/ HTTP/1.1" 500 86 "-" "PostmanRuntime/7.31.0"

info: ::1 - - [17/Feb/2023:03:01:42 +0000] "GET /api/v1/users/login/ HTTP/1.1" 400 68 "-" "PostmanRuntime/7.31.0"

info: ::1 - - [17/Feb/2023:03:01:48 +0000] "GET /api/v1/users/login/ HTTP/1.1" 200 263 "-" "PostmanRuntime/7.31.0"

info: ::1 - - [17/Feb/2023:03:03:13 +0000] "GET /api/v1/users/login/ HTTP/1.1" 400 68 "-" "PostmanRuntime/7.31.0"

info: ::1 - - [17/Feb/2023:03:03:19 +0000] "GET /api/v1/users/login/ HTTP/1.1" 200 263 "-" "PostmanRuntime/7.31.0"

info: ::1 - - [17/Feb/2023:03:44:39 +0000] "GET /api/v1/users/login/ HTTP/1.1" 200 263 "-" "PostmanRuntime/7.31.0"

info: ::1 - - [17/Feb/2023:05:49:53 +0000] "POST /api/v1/users// HTTP/1.1" 404 47 "-" "PostmanRuntime/7.31.0"

info: ::1 - - [17/Feb/2023:05:50:01 +0000] "POST /api/v1/users/ HTTP/1.1" 404 47 "-" "PostmanRuntime/7.31.0"

info: ::1 - - [17/Feb/2023:05:51:17 +0000] "POST /api/v1/users/ HTTP/1.1" 201 277 "-" "PostmanRuntime/7.31.0"

info: ::1 - - [17/Feb/2023:06:04:29 +0000] "POST /api/v1/users/ HTTP/1.1" 201 277 "-" "PostmanRuntime/7.31.0"

info: ::1 - - [17/Feb/2023:06:05:16 +0000] "POST /api/v1/users/ HTTP/1.1" 500 66 "-" "PostmanRuntime/7.31.0"

info: ::1 - - [17/Feb/2023:06:05:26 +0000] "POST /api/v1/users/ HTTP/1.1" 500 66 "-" "PostmanRuntime/7.31.0"

info: ::1 - - [17/Feb/2023:06:05:37 +0000] "POST /api/v1/users/ HTTP/1.1" 500 66 "-" "PostmanRuntime/7.31.0"

info: ::1 - - [17/Feb/2023:06:05:43 +0000] "POST /api/v1/users/ HTTP/1.1" 201 277 "-" "PostmanRuntime/7.31.0"

info: ::1 - - [17/Feb/2023:06:10:23 +0000] "POST /api/v1/users/ HTTP/1.1" 201 277 "-" "PostmanRuntime/7.31.0"

info: ::1 - - [17/Feb/2023:06:14:22 +0000] "POST /api/v1/users/ HTTP/1.1" 201 277 "-" "PostmanRuntime/7.31.0"

info: ::1 - - [17/Feb/2023:06:17:19 +0000] "POST /api/v1/users/ HTTP/1.1" 201 277 "-" "PostmanRuntime/7.31.0"

