info: ::1 - - [24/Feb/2023:06:30:42 +0000] "POST /api/v1/users HTTP/1.1" 500 60 "-" "PostmanRuntime/7.31.0"

info: ::1 - - [24/Feb/2023:06:32:49 +0000] "POST /api/v1/users HTTP/1.1" 500 143 "-" "PostmanRuntime/7.31.0"

info: ::1 - - [24/Feb/2023:06:33:02 +0000] "POST /api/v1/users HTTP/1.1" 500 122 "-" "PostmanRuntime/7.31.0"

info: ::1 - - [24/Feb/2023:06:33:13 +0000] "POST /api/v1/users HTTP/1.1" 400 62 "-" "PostmanRuntime/7.31.0"

info: ::1 - - [24/Feb/2023:06:33:22 +0000] "POST /api/v1/users HTTP/1.1" 400 62 "-" "PostmanRuntime/7.31.0"

info: ::1 - - [24/Feb/2023:06:33:27 +0000] "POST /api/v1/users HTTP/1.1" 201 333 "-" "PostmanRuntime/7.31.0"

info: ::1 - - [24/Feb/2023:06:34:02 +0000] "POST /api/v1/users/login HTTP/1.1" 200 487 "-" "PostmanRuntime/7.31.0"

info: ::1 - - [24/Feb/2023:06:36:06 +0000] "POST /api/v1/users/login HTTP/1.1" 400 56 "-" "PostmanRuntime/7.31.0"

info: ::1 - - [24/Feb/2023:06:36:24 +0000] "POST /api/v1/users/login HTTP/1.1" 200 487 "-" "PostmanRuntime/7.31.0"

info: ::1 - - [24/Feb/2023:06:45:54 +0000] "POST /api/v1/users/login HTTP/1.1" 200 487 "-" "PostmanRuntime/7.31.0"

info: ::1 - - [24/Feb/2023:08:07:00 +0000] "POST /api/v1/users/login HTTP/1.1" 400 50 "-" "PostmanRuntime/7.31.0"

info: ::1 - - [24/Feb/2023:08:07:18 +0000] "POST /api/v1/users/login HTTP/1.1" 400 50 "-" "PostmanRuntime/7.31.0"

info: ::1 - - [24/Feb/2023:08:08:55 +0000] "POST /api/v1/users/login HTTP/1.1" 400 50 "-" "PostmanRuntime/7.31.0"

info: ::1 - - [24/Feb/2023:08:09:05 +0000] "POST /api/v1/users/login HTTP/1.1" 400 50 "-" "PostmanRuntime/7.31.0"

info: ::1 - - [24/Feb/2023:08:10:50 +0000] "POST /api/v1/users/login HTTP/1.1" 400 50 "-" "PostmanRuntime/7.31.1"

info: ::1 - - [24/Feb/2023:08:14:07 +0000] "POST /api/v1/users/login HTTP/1.1" 500 48 "-" "PostmanRuntime/7.31.1"

info: ::1 - - [24/Feb/2023:08:14:19 +0000] "POST /api/v1/users/login HTTP/1.1" 200 487 "-" "PostmanRuntime/7.31.1"

info: ::1 - - [24/Feb/2023:08:15:00 +0000] "POST /api/v1/users/ HTTP/1.1" 201 334 "-" "PostmanRuntime/7.31.1"

info: ::1 - - [24/Feb/2023:08:15:09 +0000] "POST /api/v1/users/login HTTP/1.1" 200 488 "-" "PostmanRuntime/7.31.1"

info: ::1 - - [24/Feb/2023:08:24:28 +0000] "POST /api/v1/users/login HTTP/1.1" 200 488 "-" "PostmanRuntime/7.31.1"

info: ::1 - - [24/Feb/2023:08:26:56 +0000] "POST /api/v1/users/login HTTP/1.1" 404 47 "-" "PostmanRuntime/7.31.1"

info: ::1 - - [24/Feb/2023:08:27:24 +0000] "POST /api/v1/users/login HTTP/1.1" 404 47 "-" "PostmanRuntime/7.31.1"

info: ::1 - - [24/Feb/2023:08:27:30 +0000] "POST /api/v1/users/ HTTP/1.1" 400 62 "-" "PostmanRuntime/7.31.1"

info: ::1 - - [24/Feb/2023:08:27:40 +0000] "POST /api/v1/users/login/ HTTP/1.1" 404 47 "-" "PostmanRuntime/7.31.1"

info: ::1 - - [24/Feb/2023:08:27:58 +0000] "POST /api/v1/users/login HTTP/1.1" 404 47 "-" "PostmanRuntime/7.31.1"

info: ::1 - - [24/Feb/2023:08:28:37 +0000] "POST /api/v1/users/login HTTP/1.1" 200 488 "-" "PostmanRuntime/7.31.1"

info: ::1 - - [24/Feb/2023:11:06:42 +0000] "POST /api/v1/users/forgetpwd HTTP/1.1" 400 30 "-" "PostmanRuntime/7.31.1"

info: ::1 - - [24/Feb/2023:11:09:36 +0000] "POST /api/v1/users/ HTTP/1.1" 400 62 "-" "PostmanRuntime/7.31.1"

info: ::1 - - [24/Feb/2023:11:09:47 +0000] "POST /api/v1/users/login HTTP/1.1" 200 488 "-" "PostmanRuntime/7.31.1"

info: ::1 - - [24/Feb/2023:11:25:31 +0000] "PUT /api/v1/users/resetpwd HTTP/1.1" 200 333 "-" "PostmanRuntime/7.31.1"

info: ::1 - - [24/Feb/2023:11:25:52 +0000] "PUT /api/v1/users/login HTTP/1.1" 404 47 "-" "PostmanRuntime/7.31.1"

info: ::1 - - [24/Feb/2023:11:25:59 +0000] "POST /api/v1/users/login HTTP/1.1" 200 488 "-" "PostmanRuntime/7.31.1"

info: ::1 - - [24/Feb/2023:11:26:18 +0000] "POST /api/v1/users/ HTTP/1.1" 500 145 "-" "PostmanRuntime/7.31.1"

info: ::1 - - [24/Feb/2023:11:26:51 +0000] "PUT /api/v1/users/reset HTTP/1.1" 404 47 "-" "PostmanRuntime/7.31.1"

info: ::1 - - [24/Feb/2023:11:26:59 +0000] "PUT /api/v1/users/resetPwd HTTP/1.1" 200 333 "-" "PostmanRuntime/7.31.1"

info: ::1 - - [24/Feb/2023:11:27:48 +0000] "PUT /api/v1/users/resetPwd HTTP/1.1" 200 281 "-" "PostmanRuntime/7.31.1"

info: ::1 - - [24/Feb/2023:13:22:38 +0000] "POST /api/v1/users/forgetPwd HTTP/1.1" 400 30 "-" "PostmanRuntime/7.31.1"

info: ::1 - - [24/Feb/2023:13:25:44 +0000] "POST /api/v1/users/forgetPwd HTTP/1.1" 400 30 "-" "PostmanRuntime/7.31.1"

info: ::1 - - [24/Feb/2023:13:28:46 +0000] "POST /api/v1/users/forgetPwd HTTP/1.1" 200 471 "-" "PostmanRuntime/7.31.1"

info: ::1 - - [24/Feb/2023:14:09:26 +0000] "POST /api/v1/users/forgetPwd HTTP/1.1" 200 471 "-" "PostmanRuntime/7.31.1"

info: ::1 - - [24/Feb/2023:14:09:55 +0000] "POST /api/v1/users/forgetPwd HTTP/1.1" 200 471 "-" "PostmanRuntime/7.31.1"

info: ::1 - - [24/Feb/2023:14:12:11 +0000] "POST /api/v1/users/forgetPwd HTTP/1.1" 200 40 "-" "PostmanRuntime/7.31.1"

info: ::1 - - [24/Feb/2023:14:14:37 +0000] "POST /api/v1/users/forgetPwd HTTP/1.1" 200 40 "-" "PostmanRuntime/7.31.1"

info: ::1 - - [24/Feb/2023:14:15:44 +0000] "POST /api/v1/users/forgetPwd HTTP/1.1" 200 40 "-" "PostmanRuntime/7.31.1"

info: ::1 - - [24/Feb/2023:14:17:17 +0000] "POST /api/v1/users/forgetPwd HTTP/1.1" 400 30 "-" "PostmanRuntime/7.31.1"

info: ::1 - - [24/Feb/2023:14:18:03 +0000] "POST /api/v1/users/forgetPwd HTTP/1.1" 400 30 "-" "PostmanRuntime/7.31.1"

info: ::1 - - [24/Feb/2023:14:18:16 +0000] "POST /api/v1/users/forgetPwd HTTP/1.1" 200 40 "-" "PostmanRuntime/7.31.1"

info: ::1 - - [24/Feb/2023:14:18:52 +0000] "POST /api/v1/users/forgetPwd HTTP/1.1" 400 30 "-" "PostmanRuntime/7.31.1"

info: ::1 - - [24/Feb/2023:14:19:06 +0000] "POST /api/v1/users/forgetPwd HTTP/1.1" 400 30 "-" "PostmanRuntime/7.31.1"

info: ::1 - - [24/Feb/2023:14:19:15 +0000] "POST /api/v1/users/forgetPwd HTTP/1.1" 400 30 "-" "PostmanRuntime/7.31.1"

info: ::1 - - [24/Feb/2023:14:19:22 +0000] "POST /api/v1/users/forgetPwd HTTP/1.1" 400 30 "-" "PostmanRuntime/7.31.1"

info: ::1 - - [24/Feb/2023:14:20:03 +0000] "POST /api/v1/users/forgetPwd HTTP/1.1" 400 30 "-" "PostmanRuntime/7.31.1"

info: ::1 - - [24/Feb/2023:14:20:31 +0000] "POST /api/v1/users/forgetPwd HTTP/1.1" 400 30 "-" "PostmanRuntime/7.31.1"

info: ::1 - - [24/Feb/2023:14:20:40 +0000] "POST /api/v1/users/forgetPwd HTTP/1.1" 400 30 "-" "PostmanRuntime/7.31.1"

info: ::1 - - [24/Feb/2023:14:21:13 +0000] "POST /api/v1/users/forgetPwd HTTP/1.1" 400 30 "-" "PostmanRuntime/7.31.1"

info: ::1 - - [24/Feb/2023:14:21:21 +0000] "POST /api/v1/users/forgetPwd HTTP/1.1" 400 30 "-" "PostmanRuntime/7.31.1"

info: ::1 - - [24/Feb/2023:14:21:54 +0000] "POST /api/v1/users/forgetPwd HTTP/1.1" 400 30 "-" "PostmanRuntime/7.31.1"

info: ::1 - - [24/Feb/2023:14:24:31 +0000] "POST /api/v1/users/forgetPwd HTTP/1.1" 400 30 "-" "PostmanRuntime/7.31.1"

info: ::1 - - [24/Feb/2023:14:24:36 +0000] "POST /api/v1/users/forgetPwd HTTP/1.1" 400 30 "-" "PostmanRuntime/7.31.1"

info: ::1 - - [24/Feb/2023:14:24:42 +0000] "POST /api/v1/users/forgetPwd HTTP/1.1" 400 30 "-" "PostmanRuntime/7.31.1"

info: ::1 - - [24/Feb/2023:14:24:49 +0000] "POST /api/v1/users/forgetPwd HTTP/1.1" 400 30 "-" "PostmanRuntime/7.31.1"

info: ::1 - - [24/Feb/2023:14:25:29 +0000] "POST /api/v1/users/forgetPwd HTTP/1.1" 400 30 "-" "PostmanRuntime/7.31.1"

info: ::1 - - [24/Feb/2023:14:25:31 +0000] "POST /api/v1/users/forgetPwd HTTP/1.1" 400 30 "-" "PostmanRuntime/7.31.1"

info: ::1 - - [24/Feb/2023:14:26:44 +0000] "POST /api/v1/users/forgetPwd HTTP/1.1" 400 30 "-" "PostmanRuntime/7.31.1"

info: ::1 - - [24/Feb/2023:14:28:34 +0000] "POST /api/v1/users/forgetPwd HTTP/1.1" 400 30 "-" "PostmanRuntime/7.31.1"

info: ::1 - - [24/Feb/2023:14:47:29 +0000] "POST /api/v1/users/ HTTP/1.1" 500 132 "-" "PostmanRuntime/7.31.1"

info: ::1 - - [24/Feb/2023:14:47:43 +0000] "POST /api/v1/users/ HTTP/1.1" 201 319 "-" "PostmanRuntime/7.31.1"

info: ::1 - - [24/Feb/2023:14:47:58 +0000] "POST /api/v1/users/login HTTP/1.1" 200 473 "-" "PostmanRuntime/7.31.1"

info: ::1 - - [24/Feb/2023:15:03:59 +0000] "POST /api/v1/users/forgetPwd HTTP/1.1" 200 500 "-" "PostmanRuntime/7.31.1"

info: ::1 - - [24/Feb/2023:15:09:42 +0000] "POST /api/v1/users/forgetPwd HTTP/1.1" 200 500 "-" "PostmanRuntime/7.31.1"

info: ::1 - - [24/Feb/2023:15:15:09 +0000] "GET /api/v1/users/resetPwd HTTP/1.1" 404 47 "-" "Mozilla/5.0 (Windows NT 10.0; Win64; x64) AppleWebKit/537.36 (KHTML, like Gecko) Chrome/110.0.0.0 Safari/537.36"

info: ::1 - - [24/Feb/2023:15:15:09 +0000] "GET /favicon.ico HTTP/1.1" 404 47 "-" "Mozilla/5.0 (Windows NT 10.0; Win64; x64) AppleWebKit/537.36 (KHTML, like Gecko) Chrome/110.0.0.0 Safari/537.36"

