info: Server started at http://localhost:3000/api/v1/ {"timestamp":"2023-04-19T10:49:40.155Z"}
info: Connected to the database. {"timestamp":"2023-04-19T10:49:40.173Z"}
error: 
    status - 500 
    message - ValidationError: "firstName" is required 
    url - /api/v1/users/ 
    method - POST 
    IP - ::1
   {"timestamp":"2023-04-19T10:49:48.584Z"}
error: 
    status - 500 
    message - ValidationError: "password" with value "Mazhar@12345" fails to match the required pattern: /^[a-z]{1,3}[A-Z]{1,1}[0-9]{1,4}$/ 
    url - /api/v1/users/ 
    method - POST 
    IP - ::1
   {"timestamp":"2023-04-19T10:50:59.019Z"}
info: Server started at http://localhost:3000/api/v1/:3000/api/v1/ {"timestamp":"2023-04-19T11:07:30.853Z"}
info: Connected to the database. {"timestamp":"2023-04-19T11:07:30.869Z"}
info: Server started at http://localhost:3000/api/v1/:3000/api/v1/ {"timestamp":"2023-04-19T11:09:16.123Z"}
info: Connected to the database. {"timestamp":"2023-04-19T11:09:16.136Z"}
info: Server started at http://localhost:3000/api/v1/:3000/api/v1/ {"timestamp":"2023-04-19T11:10:04.994Z"}
info: Connected to the database. {"timestamp":"2023-04-19T11:10:05.006Z"}
info: Server started at http://localhost:3000/api/v1/:3000/api/v1/ {"timestamp":"2023-04-19T11:10:54.605Z"}
info: Connected to the database. {"timestamp":"2023-04-19T11:10:54.617Z"}
error: 
      status - 400
      message - Authorization token is required 
      url - /api/v1/users/login 
      method - POST 
      IP - ::1
     {"timestamp":"2023-04-19T11:10:58.487Z"}
info: Server started at http://localhost:3000/api/v1/:3000/api/v1/ {"timestamp":"2023-04-19T11:13:06.678Z"}
info: Connected to the database. {"timestamp":"2023-04-19T11:13:06.690Z"}
error: 
      status - 400
      message - Authorization token is required 
      url - /api/v1/users/login 
      method - POST 
      IP - ::1
     {"timestamp":"2023-04-19T11:13:14.834Z"}
info: Server started at http://localhost:3000/api/v1/:3000/api/v1/ {"timestamp":"2023-04-19T11:13:33.874Z"}
info: Connected to the database. {"timestamp":"2023-04-19T11:13:33.885Z"}
info: Server started at http://localhost:3000/api/v1/:3000/api/v1/ {"timestamp":"2023-04-19T11:14:20.970Z"}
info: Connected to the database. {"timestamp":"2023-04-19T11:14:20.984Z"}
info: Server started at http://localhost:3000/api/v1/ {"timestamp":"2023-04-19T11:16:23.375Z"}
info: Connected to the database. {"timestamp":"2023-04-19T11:16:23.388Z"}
info: Server started at http://localhost:3000/api/v1/ {"timestamp":"2023-04-19T11:17:42.020Z"}
info: Connected to the database. {"timestamp":"2023-04-19T11:17:42.032Z"}
info: Server started at http://localhost:3000/api/v1/ {"timestamp":"2023-04-19T11:18:36.825Z"}
info: Connected to the database. {"timestamp":"2023-04-19T11:18:36.838Z"}
info: Server started at http://localhost:3000/api/v1/ {"timestamp":"2023-04-19T11:19:33.834Z"}
info: Connected to the database. {"timestamp":"2023-04-19T11:19:33.846Z"}
info: Server started at http://localhost:3000/api/v1/ {"timestamp":"2023-04-19T11:22:04.377Z"}
info: Connected to the database. {"timestamp":"2023-04-19T11:22:04.390Z"}
info: Server started at http://localhost:3000/api/v1/ {"timestamp":"2023-04-19T11:22:42.838Z"}
info: Connected to the database. {"timestamp":"2023-04-19T11:22:42.852Z"}
info: Server started at http://localhost:3000/api/v1/ {"timestamp":"2023-04-19T11:25:55.524Z"}
info: Connected to the database. {"timestamp":"2023-04-19T11:25:55.537Z"}
info: Server started at http://localhost:3000/api/v1/ {"timestamp":"2023-04-19T11:26:39.064Z"}
info: Connected to the database. {"timestamp":"2023-04-19T11:26:39.086Z"}
info: Server started at http://localhost:3000/api/v1/ {"timestamp":"2023-04-19T11:28:43.577Z"}
info: Connected to the database. {"timestamp":"2023-04-19T11:28:43.593Z"}
info: Server started at http://localhost:3000/api/v1/ {"timestamp":"2023-04-19T11:29:24.666Z"}
info: Connected to the database. {"timestamp":"2023-04-19T11:29:24.680Z"}
info: Server started at http://localhost:3000/api/v1/ {"timestamp":"2023-04-19T11:30:18.037Z"}
info: Connected to the database. {"timestamp":"2023-04-19T11:30:18.051Z"}
info: Server started at http://localhost:3000/api/v1/ {"timestamp":"2023-04-19T11:30:44.398Z"}
info: Connected to the database. {"timestamp":"2023-04-19T11:30:44.413Z"}
info: Server started at http://localhost:3000/api/v1/ {"timestamp":"2023-04-19T11:31:14.192Z"}
info: Connected to the database. {"timestamp":"2023-04-19T11:31:14.209Z"}
info: Server started at http://localhost:3000/api/v1/ {"timestamp":"2023-04-19T11:31:55.340Z"}
info: Connected to the database. {"timestamp":"2023-04-19T11:31:55.357Z"}
info: Server started at http://localhost:3000/api/v1/ {"timestamp":"2023-04-19T11:32:31.771Z"}
info: Connected to the database. {"timestamp":"2023-04-19T11:32:31.785Z"}
info: Server started at http://localhost:3000/api/v1/ {"timestamp":"2023-04-19T11:33:19.096Z"}
info: Connected to the database. {"timestamp":"2023-04-19T11:33:19.110Z"}
info: Server started at http://localhost:3000/api/v1/ {"timestamp":"2023-04-19T11:33:41.985Z"}
info: Connected to the database. {"timestamp":"2023-04-19T11:33:42.005Z"}
info: Server started at http://localhost:3000/api/v1/ {"timestamp":"2023-04-19T11:34:13.173Z"}
info: Connected to the database. {"timestamp":"2023-04-19T11:34:13.187Z"}
info: Server started at http://localhost:3000/api/v1/ {"timestamp":"2023-04-19T11:34:39.562Z"}
info: Connected to the database. {"timestamp":"2023-04-19T11:34:39.577Z"}
info: Server started at http://localhost:3000/api/v1/ {"timestamp":"2023-04-19T11:35:42.408Z"}
info: Connected to the database. {"timestamp":"2023-04-19T11:35:42.424Z"}
info: Server started at http://localhost:3000/api/v1/ {"timestamp":"2023-04-19T11:36:32.036Z"}
info: Connected to the database. {"timestamp":"2023-04-19T11:36:32.053Z"}
info: Server started at http://localhost:3000/api/v1/ {"timestamp":"2023-04-19T11:37:21.527Z"}
info: Connected to the database. {"timestamp":"2023-04-19T11:37:21.544Z"}
info: Server started at http://localhost:3000/api/v1/ {"timestamp":"2023-04-19T11:37:58.918Z"}
info: Connected to the database. {"timestamp":"2023-04-19T11:37:58.935Z"}
info: Server started at http://localhost:3000/api/v1/ {"timestamp":"2023-04-19T11:38:50.335Z"}
info: Connected to the database. {"timestamp":"2023-04-19T11:38:50.349Z"}
info: Server started at http://localhost:3000/api/v1/ {"timestamp":"2023-04-19T12:01:00.880Z"}
info: Connected to the database. {"timestamp":"2023-04-19T12:01:00.893Z"}
info: Server started at http://localhost:3000/api/v1/ {"timestamp":"2023-04-19T12:01:10.607Z"}
info: Connected to the database. {"timestamp":"2023-04-19T12:01:10.622Z"}
info: Server started at http://localhost:3000/api/v1/ {"timestamp":"2023-04-19T12:01:59.410Z"}
info: Connected to the database. {"timestamp":"2023-04-19T12:01:59.424Z"}
info: Server started at http://localhost:3000/api/v1/ {"timestamp":"2023-04-19T12:04:23.475Z"}
info: Connected to the database. {"timestamp":"2023-04-19T12:04:23.487Z"}
info: Server started at http://localhost:3000/api/v1/ {"timestamp":"2023-04-19T12:05:40.232Z"}
info: Connected to the database. {"timestamp":"2023-04-19T12:05:40.244Z"}
info: Server started at http://localhost:3000/api/v1/ {"timestamp":"2023-04-19T12:06:59.913Z"}
info: Connected to the database. {"timestamp":"2023-04-19T12:06:59.926Z"}
info: Server started at http://localhost:3000/api/v1/ {"timestamp":"2023-04-19T12:09:54.077Z"}
info: Connected to the database. {"timestamp":"2023-04-19T12:09:54.089Z"}
info: Server started at http://localhost:3000/api/v1/ {"timestamp":"2023-04-19T12:16:31.310Z"}
info: Connected to the database. {"timestamp":"2023-04-19T12:16:31.322Z"}
info: Server started at http://localhost:3000/api/v1/ {"timestamp":"2023-04-19T12:16:42.238Z"}
info: Connected to the database. {"timestamp":"2023-04-19T12:16:42.251Z"}
info: Server started at http://localhost:3000/api/v1/ {"timestamp":"2023-04-19T12:27:27.751Z"}
info: Connected to the database. {"timestamp":"2023-04-19T12:27:27.767Z"}
