info: Server started at http://localhost:3000/api/v1/ {"timestamp":"2023-02-22T08:17:28.503Z"}
info: Connected to the database. {"timestamp":"2023-02-22T08:17:29.021Z"}
info: Server started at http://localhost:3000/api/v1/ {"timestamp":"2023-02-22T08:26:39.520Z"}
info: Connected to the database. {"timestamp":"2023-02-22T08:26:39.603Z"}
info: Server started at http://localhost:3000/api/v1/ {"timestamp":"2023-02-22T08:28:39.688Z"}
info: Connected to the database. {"timestamp":"2023-02-22T08:28:39.767Z"}
error: 
    status - 500 
    message - ValidationError: "color" is not allowed 
    url - /api/v1/note/ 
    method - POST 
    IP - ::1
   {"timestamp":"2023-02-22T08:30:12.081Z"}
error: 
    status - 500 
    message - SyntaxError: Unexpected token } in JSON at position 61
    at JSON.parse (<anonymous>)
    at parse (D:\FUNDOO_NOTE\Fundo_Note\node_modules\body-parser\lib\types\json.js:89:19)
    at D:\FUNDOO_NOTE\Fundo_Note\node_modules\body-parser\lib\read.js:128:18
    at AsyncResource.runInAsyncScope (node:async_hooks:204:9)
    at invokeCallback (D:\FUNDOO_NOTE\Fundo_Note\node_modules\raw-body\index.js:231:16)
    at done (D:\FUNDOO_NOTE\Fundo_Note\node_modules\raw-body\index.js:220:7)
    at IncomingMessage.onEnd (D:\FUNDOO_NOTE\Fundo_Note\node_modules\raw-body\index.js:280:7)
    at IncomingMessage.emit (node:events:513:28)
    at IncomingMessage.emit (node:domain:489:12)
    at endReadableNT (node:internal/streams/readable:1359:12)
    at processTicksAndRejections (node:internal/process/task_queues:82:21) 
    url - /api/v1/note/ 
    method - POST 
    IP - ::1
   {"timestamp":"2023-02-22T08:30:23.308Z"}
info: Server started at http://localhost:3000/api/v1/ {"timestamp":"2023-02-22T08:34:21.930Z"}
info: Connected to the database. {"timestamp":"2023-02-22T08:34:21.987Z"}
info: Server started at http://localhost:3000/api/v1/ {"timestamp":"2023-02-22T08:35:51.289Z"}
info: Connected to the database. {"timestamp":"2023-02-22T08:35:51.385Z"}
info: Server started at http://localhost:3000/api/v1/ {"timestamp":"2023-02-22T08:39:54.175Z"}
info: Connected to the database. {"timestamp":"2023-02-22T08:39:54.249Z"}
info: Server started at http://localhost:3000/api/v1/ {"timestamp":"2023-02-22T08:41:49.875Z"}
info: Connected to the database. {"timestamp":"2023-02-22T08:41:49.956Z"}
info: Server started at http://localhost:3000/api/v1/ {"timestamp":"2023-02-22T08:42:54.706Z"}
info: Connected to the database. {"timestamp":"2023-02-22T08:42:54.778Z"}
info: Server started at http://localhost:3000/api/v1/ {"timestamp":"2023-02-22T08:43:54.997Z"}
info: Connected to the database. {"timestamp":"2023-02-22T08:43:55.063Z"}
info: Server started at http://localhost:3000/api/v1/ {"timestamp":"2023-02-22T08:46:12.554Z"}
info: Connected to the database. {"timestamp":"2023-02-22T08:46:12.660Z"}
info: Server started at http://localhost:3000/api/v1/ {"timestamp":"2023-02-22T08:48:28.168Z"}
info: Connected to the database. {"timestamp":"2023-02-22T08:48:28.233Z"}
info: Server started at http://localhost:3000/api/v1/ {"timestamp":"2023-02-22T08:57:47.597Z"}
info: Connected to the database. {"timestamp":"2023-02-22T08:57:47.656Z"}
info: Server started at http://localhost:3000/api/v1/ {"timestamp":"2023-02-22T09:00:05.757Z"}
info: Connected to the database. {"timestamp":"2023-02-22T09:00:05.833Z"}
info: Server started at http://localhost:3000/api/v1/ {"timestamp":"2023-02-22T09:01:37.332Z"}
info: Connected to the database. {"timestamp":"2023-02-22T09:01:37.450Z"}
info: Server started at http://localhost:3000/api/v1/ {"timestamp":"2023-02-22T09:07:48.492Z"}
info: Connected to the database. {"timestamp":"2023-02-22T09:07:48.580Z"}
info: Server started at http://localhost:3000/api/v1/ {"timestamp":"2023-02-22T09:17:42.060Z"}
info: Connected to the database. {"timestamp":"2023-02-22T09:17:42.126Z"}
info: Server started at http://localhost:3000/api/v1/ {"timestamp":"2023-02-22T09:19:02.037Z"}
info: Connected to the database. {"timestamp":"2023-02-22T09:19:02.116Z"}
info: Server started at http://localhost:3000/api/v1/ {"timestamp":"2023-02-22T09:20:59.702Z"}
info: Connected to the database. {"timestamp":"2023-02-22T09:20:59.776Z"}
info: Server started at http://localhost:3000/api/v1/ {"timestamp":"2023-02-22T09:21:22.854Z"}
info: Connected to the database. {"timestamp":"2023-02-22T09:21:22.916Z"}
info: Server started at http://localhost:3000/api/v1/ {"timestamp":"2023-02-22T09:26:46.351Z"}
info: Connected to the database. {"timestamp":"2023-02-22T09:26:46.421Z"}
info: Server started at http://localhost:3000/api/v1/ {"timestamp":"2023-02-22T09:27:34.692Z"}
info: Connected to the database. {"timestamp":"2023-02-22T09:27:34.769Z"}
info: Server started at http://localhost:3000/api/v1/ {"timestamp":"2023-02-22T09:54:55.752Z"}
info: Connected to the database. {"timestamp":"2023-02-22T09:54:55.767Z"}
info: Server started at http://localhost:3000/api/v1/ {"timestamp":"2023-02-22T09:55:15.351Z"}
info: Connected to the database. {"timestamp":"2023-02-22T09:55:15.366Z"}
