error: uncaughtException: Cannot find module 'swagger-ui-express'
Require stack:
- D:\FundoNote\Fundoo_Note\src\index.js
Error: Cannot find module 'swagger-ui-express'
Require stack:
- D:\FundoNote\Fundoo_Note\src\index.js
    at Function.Module._resolveFilename (node:internal/modules/cjs/loader:1039:15)
    at Function.Module._load (node:internal/modules/cjs/loader:885:27)
    at Module.require (node:internal/modules/cjs/loader:1105:19)
    at require (node:internal/modules/cjs/helpers:103:18)
    at Object.<anonymous> (D:\FundoNote\Fundoo_Note\src\/index.js:19:19)
    at Module._compile (node:internal/modules/cjs/loader:1218:14)
    at Module._compile (D:\FundoNote\Fundoo_Note\node_modules\pirates\lib\index.js:136:24)
    at Module._extensions..js (node:internal/modules/cjs/loader:1272:10)
    at Object.newLoader [as .js] (D:\FundoNote\Fundoo_Note\node_modules\pirates\lib\index.js:141:7)
    at Module.load (node:internal/modules/cjs/loader:1081:32)
    at Function.Module._load (node:internal/modules/cjs/loader:922:12)
    at Function.runMain (node:internal/modules/run_main:81:12)
    at Object.<anonymous> (D:\FundoNote\Fundoo_Note\node_modules\@babel\node\src\_babel-node.ts:223:12)
    at Module._compile (node:internal/modules/cjs/loader:1218:14)
    at Object.Module._extensions..js (node:internal/modules/cjs/loader:1272:10)
    at Module.load (node:internal/modules/cjs/loader:1081:32)
    at Function.Module._load (node:internal/modules/cjs/loader:922:12)
    at Function.executeUserEntryPoint [as runMain] (node:internal/modules/run_main:81:12)
    at node:internal/main/run_main_module:23:47 {"date":"Mon Feb 27 2023 20:18:25 GMT+0530 (India Standard Time)","error":{"code":"MODULE_NOT_FOUND","requireStack":["D:\\FundoNote\\Fundoo_Note\\src\\index.js"]},"exception":true,"os":{"loadavg":[0,0,0],"uptime":3747.859},"process":{"argv":["node","D:\\FundoNote\\Fundoo_Note\\src\\index.js"],"cwd":"D:\\FundoNote\\Fundoo_Note","execPath":"C:\\Program Files\\nodejs\\node.exe","gid":null,"memoryUsage":{"arrayBuffers":18779747,"external":21663994,"heapTotal":136699904,"heapUsed":109224992,"rss":182464512},"pid":10512,"uid":null,"version":"v18.13.0"},"stack":"Error: Cannot find module 'swagger-ui-express'\nRequire stack:\n- D:\\FundoNote\\Fundoo_Note\\src\\index.js\n    at Function.Module._resolveFilename (node:internal/modules/cjs/loader:1039:15)\n    at Function.Module._load (node:internal/modules/cjs/loader:885:27)\n    at Module.require (node:internal/modules/cjs/loader:1105:19)\n    at require (node:internal/modules/cjs/helpers:103:18)\n    at Object.<anonymous> (D:\\FundoNote\\Fundoo_Note\\src\\/index.js:19:19)\n    at Module._compile (node:internal/modules/cjs/loader:1218:14)\n    at Module._compile (D:\\FundoNote\\Fundoo_Note\\node_modules\\pirates\\lib\\index.js:136:24)\n    at Module._extensions..js (node:internal/modules/cjs/loader:1272:10)\n    at Object.newLoader [as .js] (D:\\FundoNote\\Fundoo_Note\\node_modules\\pirates\\lib\\index.js:141:7)\n    at Module.load (node:internal/modules/cjs/loader:1081:32)\n    at Function.Module._load (node:internal/modules/cjs/loader:922:12)\n    at Function.runMain (node:internal/modules/run_main:81:12)\n    at Object.<anonymous> (D:\\FundoNote\\Fundoo_Note\\node_modules\\@babel\\node\\src\\_babel-node.ts:223:12)\n    at Module._compile (node:internal/modules/cjs/loader:1218:14)\n    at Object.Module._extensions..js (node:internal/modules/cjs/loader:1272:10)\n    at Module.load (node:internal/modules/cjs/loader:1081:32)\n    at Function.Module._load (node:internal/modules/cjs/loader:922:12)\n    at Function.executeUserEntryPoint [as runMain] (node:internal/modules/run_main:81:12)\n    at node:internal/main/run_main_module:23:47","timestamp":"2023-02-27T14:48:25.931Z","trace":[{"column":15,"file":"node:internal/modules/cjs/loader","function":"Module._resolveFilename","line":1039,"method":"_resolveFilename","native":false},{"column":27,"file":"node:internal/modules/cjs/loader","function":"Module._load","line":885,"method":"_load","native":false},{"column":19,"file":"node:internal/modules/cjs/loader","function":"Module.require","line":1105,"method":"require","native":false},{"column":18,"file":"node:internal/modules/cjs/helpers","function":"require","line":103,"method":null,"native":false},{"column":19,"file":"D:\\FundoNote\\Fundoo_Note\\src\\/index.js","function":null,"line":19,"method":null,"native":false},{"column":14,"file":"node:internal/modules/cjs/loader","function":"Module._compile","line":1218,"method":"_compile","native":false},{"column":24,"file":"D:\\FundoNote\\Fundoo_Note\\node_modules\\pirates\\lib\\index.js","function":"Module._compile","line":136,"method":"_compile","native":false},{"column":10,"file":"node:internal/modules/cjs/loader","function":"Module._extensions..js","line":1272,"method":".js","native":false},{"column":7,"file":"D:\\FundoNote\\Fundoo_Note\\node_modules\\pirates\\lib\\index.js","function":"Object.newLoader [as .js]","line":141,"method":"js]","native":false},{"column":32,"file":"node:internal/modules/cjs/loader","function":"Module.load","line":1081,"method":"load","native":false},{"column":12,"file":"node:internal/modules/cjs/loader","function":"Module._load","line":922,"method":"_load","native":false},{"column":12,"file":"node:internal/modules/run_main","function":"Function.runMain","line":81,"method":"runMain","native":false},{"column":12,"file":"D:\\FundoNote\\Fundoo_Note\\node_modules\\@babel\\node\\src\\_babel-node.ts","function":null,"line":223,"method":null,"native":false},{"column":14,"file":"node:internal/modules/cjs/loader","function":"Module._compile","line":1218,"method":"_compile","native":false},{"column":10,"file":"node:internal/modules/cjs/loader","function":"Module._extensions..js","line":1272,"method":".js","native":false},{"column":32,"file":"node:internal/modules/cjs/loader","function":"Module.load","line":1081,"method":"load","native":false},{"column":12,"file":"node:internal/modules/cjs/loader","function":"Module._load","line":922,"method":"_load","native":false},{"column":12,"file":"node:internal/modules/run_main","function":"Function.executeUserEntryPoint [as runMain]","line":81,"method":"executeUserEntryPoint [as runMain]","native":false},{"column":47,"file":"node:internal/main/run_main_module","function":null,"line":23,"method":null,"native":false}]}
error: uncaughtException: Cannot find module './swagger.json'
Require stack:
- D:\FundoNote\Fundoo_Note\src\index.js
Error: Cannot find module './swagger.json'
Require stack:
- D:\FundoNote\Fundoo_Note\src\index.js
    at Function.Module._resolveFilename (node:internal/modules/cjs/loader:1039:15)
    at Function.Module._load (node:internal/modules/cjs/loader:885:27)
    at Module.require (node:internal/modules/cjs/loader:1105:19)
    at require (node:internal/modules/cjs/helpers:103:18)
    at Object.<anonymous> (D:\FundoNote\Fundoo_Note\src\/index.js:20:25)
    at Module._compile (node:internal/modules/cjs/loader:1218:14)
    at Module._compile (D:\FundoNote\Fundoo_Note\node_modules\pirates\lib\index.js:136:24)
    at Module._extensions..js (node:internal/modules/cjs/loader:1272:10)
    at Object.newLoader [as .js] (D:\FundoNote\Fundoo_Note\node_modules\pirates\lib\index.js:141:7)
    at Module.load (node:internal/modules/cjs/loader:1081:32)
    at Function.Module._load (node:internal/modules/cjs/loader:922:12)
    at Function.runMain (node:internal/modules/run_main:81:12)
    at Object.<anonymous> (D:\FundoNote\Fundoo_Note\node_modules\@babel\node\src\_babel-node.ts:223:12)
    at Module._compile (node:internal/modules/cjs/loader:1218:14)
    at Object.Module._extensions..js (node:internal/modules/cjs/loader:1272:10)
    at Module.load (node:internal/modules/cjs/loader:1081:32) {"date":"Mon Feb 27 2023 20:19:39 GMT+0530 (India Standard Time)","error":{"code":"MODULE_NOT_FOUND","requireStack":["D:\\FundoNote\\Fundoo_Note\\src\\index.js"]},"exception":true,"os":{"loadavg":[0,0,0],"uptime":3821.593},"process":{"argv":["node","D:\\FundoNote\\Fundoo_Note\\src\\index.js"],"cwd":"D:\\FundoNote\\Fundoo_Note","execPath":"C:\\Program Files\\nodejs\\node.exe","gid":null,"memoryUsage":{"arrayBuffers":18744720,"external":21629239,"heapTotal":177754112,"heapUsed":156811888,"rss":225411072},"pid":17716,"uid":null,"version":"v18.13.0"},"stack":"Error: Cannot find module './swagger.json'\nRequire stack:\n- D:\\FundoNote\\Fundoo_Note\\src\\index.js\n    at Function.Module._resolveFilename (node:internal/modules/cjs/loader:1039:15)\n    at Function.Module._load (node:internal/modules/cjs/loader:885:27)\n    at Module.require (node:internal/modules/cjs/loader:1105:19)\n    at require (node:internal/modules/cjs/helpers:103:18)\n    at Object.<anonymous> (D:\\FundoNote\\Fundoo_Note\\src\\/index.js:20:25)\n    at Module._compile (node:internal/modules/cjs/loader:1218:14)\n    at Module._compile (D:\\FundoNote\\Fundoo_Note\\node_modules\\pirates\\lib\\index.js:136:24)\n    at Module._extensions..js (node:internal/modules/cjs/loader:1272:10)\n    at Object.newLoader [as .js] (D:\\FundoNote\\Fundoo_Note\\node_modules\\pirates\\lib\\index.js:141:7)\n    at Module.load (node:internal/modules/cjs/loader:1081:32)\n    at Function.Module._load (node:internal/modules/cjs/loader:922:12)\n    at Function.runMain (node:internal/modules/run_main:81:12)\n    at Object.<anonymous> (D:\\FundoNote\\Fundoo_Note\\node_modules\\@babel\\node\\src\\_babel-node.ts:223:12)\n    at Module._compile (node:internal/modules/cjs/loader:1218:14)\n    at Object.Module._extensions..js (node:internal/modules/cjs/loader:1272:10)\n    at Module.load (node:internal/modules/cjs/loader:1081:32)","timestamp":"2023-02-27T14:49:39.658Z","trace":[{"column":15,"file":"node:internal/modules/cjs/loader","function":"Module._resolveFilename","line":1039,"method":"_resolveFilename","native":false},{"column":27,"file":"node:internal/modules/cjs/loader","function":"Module._load","line":885,"method":"_load","native":false},{"column":19,"file":"node:internal/modules/cjs/loader","function":"Module.require","line":1105,"method":"require","native":false},{"column":18,"file":"node:internal/modules/cjs/helpers","function":"require","line":103,"method":null,"native":false},{"column":25,"file":"D:\\FundoNote\\Fundoo_Note\\src\\/index.js","function":null,"line":20,"method":null,"native":false},{"column":14,"file":"node:internal/modules/cjs/loader","function":"Module._compile","line":1218,"method":"_compile","native":false},{"column":24,"file":"D:\\FundoNote\\Fundoo_Note\\node_modules\\pirates\\lib\\index.js","function":"Module._compile","line":136,"method":"_compile","native":false},{"column":10,"file":"node:internal/modules/cjs/loader","function":"Module._extensions..js","line":1272,"method":".js","native":false},{"column":7,"file":"D:\\FundoNote\\Fundoo_Note\\node_modules\\pirates\\lib\\index.js","function":"Object.newLoader [as .js]","line":141,"method":"js]","native":false},{"column":32,"file":"node:internal/modules/cjs/loader","function":"Module.load","line":1081,"method":"load","native":false},{"column":12,"file":"node:internal/modules/cjs/loader","function":"Module._load","line":922,"method":"_load","native":false},{"column":12,"file":"node:internal/modules/run_main","function":"Function.runMain","line":81,"method":"runMain","native":false},{"column":12,"file":"D:\\FundoNote\\Fundoo_Note\\node_modules\\@babel\\node\\src\\_babel-node.ts","function":null,"line":223,"method":null,"native":false},{"column":14,"file":"node:internal/modules/cjs/loader","function":"Module._compile","line":1218,"method":"_compile","native":false},{"column":10,"file":"node:internal/modules/cjs/loader","function":"Module._extensions..js","line":1272,"method":".js","native":false},{"column":32,"file":"node:internal/modules/cjs/loader","function":"Module.load","line":1081,"method":"load","native":false}]}
error: uncaughtException: Cannot find module './swagger.json'
Require stack:
- D:\FundoNote\Fundoo_Note\src\index.js
Error: Cannot find module './swagger.json'
Require stack:
- D:\FundoNote\Fundoo_Note\src\index.js
    at Function.Module._resolveFilename (node:internal/modules/cjs/loader:1039:15)
    at Function.Module._load (node:internal/modules/cjs/loader:885:27)
    at Module.require (node:internal/modules/cjs/loader:1105:19)
    at require (node:internal/modules/cjs/helpers:103:18)
    at Object.<anonymous> (D:\FundoNote\Fundoo_Note\src\/index.js:20:25)
    at Module._compile (node:internal/modules/cjs/loader:1218:14)
    at Module._compile (D:\FundoNote\Fundoo_Note\node_modules\pirates\lib\index.js:136:24)
    at Module._extensions..js (node:internal/modules/cjs/loader:1272:10)
    at Object.newLoader [as .js] (D:\FundoNote\Fundoo_Note\node_modules\pirates\lib\index.js:141:7)
    at Module.load (node:internal/modules/cjs/loader:1081:32)
    at Function.Module._load (node:internal/modules/cjs/loader:922:12)
    at Function.runMain (node:internal/modules/run_main:81:12)
    at Object.<anonymous> (D:\FundoNote\Fundoo_Note\node_modules\@babel\node\src\_babel-node.ts:223:12)
    at Module._compile (node:internal/modules/cjs/loader:1218:14)
    at Object.Module._extensions..js (node:internal/modules/cjs/loader:1272:10)
    at Module.load (node:internal/modules/cjs/loader:1081:32) {"date":"Mon Feb 27 2023 20:23:58 GMT+0530 (India Standard Time)","error":{"code":"MODULE_NOT_FOUND","requireStack":["D:\\FundoNote\\Fundoo_Note\\src\\index.js"]},"exception":true,"os":{"loadavg":[0,0,0],"uptime":4080.312},"process":{"argv":["node","D:\\FundoNote\\Fundoo_Note\\src\\index.js"],"cwd":"D:\\FundoNote\\Fundoo_Note","execPath":"C:\\Program Files\\nodejs\\node.exe","gid":null,"memoryUsage":{"arrayBuffers":18854392,"external":21738911,"heapTotal":178016256,"heapUsed":156778744,"rss":227348480},"pid":20268,"uid":null,"version":"v18.13.0"},"stack":"Error: Cannot find module './swagger.json'\nRequire stack:\n- D:\\FundoNote\\Fundoo_Note\\src\\index.js\n    at Function.Module._resolveFilename (node:internal/modules/cjs/loader:1039:15)\n    at Function.Module._load (node:internal/modules/cjs/loader:885:27)\n    at Module.require (node:internal/modules/cjs/loader:1105:19)\n    at require (node:internal/modules/cjs/helpers:103:18)\n    at Object.<anonymous> (D:\\FundoNote\\Fundoo_Note\\src\\/index.js:20:25)\n    at Module._compile (node:internal/modules/cjs/loader:1218:14)\n    at Module._compile (D:\\FundoNote\\Fundoo_Note\\node_modules\\pirates\\lib\\index.js:136:24)\n    at Module._extensions..js (node:internal/modules/cjs/loader:1272:10)\n    at Object.newLoader [as .js] (D:\\FundoNote\\Fundoo_Note\\node_modules\\pirates\\lib\\index.js:141:7)\n    at Module.load (node:internal/modules/cjs/loader:1081:32)\n    at Function.Module._load (node:internal/modules/cjs/loader:922:12)\n    at Function.runMain (node:internal/modules/run_main:81:12)\n    at Object.<anonymous> (D:\\FundoNote\\Fundoo_Note\\node_modules\\@babel\\node\\src\\_babel-node.ts:223:12)\n    at Module._compile (node:internal/modules/cjs/loader:1218:14)\n    at Object.Module._extensions..js (node:internal/modules/cjs/loader:1272:10)\n    at Module.load (node:internal/modules/cjs/loader:1081:32)","timestamp":"2023-02-27T14:53:58.378Z","trace":[{"column":15,"file":"node:internal/modules/cjs/loader","function":"Module._resolveFilename","line":1039,"method":"_resolveFilename","native":false},{"column":27,"file":"node:internal/modules/cjs/loader","function":"Module._load","line":885,"method":"_load","native":false},{"column":19,"file":"node:internal/modules/cjs/loader","function":"Module.require","line":1105,"method":"require","native":false},{"column":18,"file":"node:internal/modules/cjs/helpers","function":"require","line":103,"method":null,"native":false},{"column":25,"file":"D:\\FundoNote\\Fundoo_Note\\src\\/index.js","function":null,"line":20,"method":null,"native":false},{"column":14,"file":"node:internal/modules/cjs/loader","function":"Module._compile","line":1218,"method":"_compile","native":false},{"column":24,"file":"D:\\FundoNote\\Fundoo_Note\\node_modules\\pirates\\lib\\index.js","function":"Module._compile","line":136,"method":"_compile","native":false},{"column":10,"file":"node:internal/modules/cjs/loader","function":"Module._extensions..js","line":1272,"method":".js","native":false},{"column":7,"file":"D:\\FundoNote\\Fundoo_Note\\node_modules\\pirates\\lib\\index.js","function":"Object.newLoader [as .js]","line":141,"method":"js]","native":false},{"column":32,"file":"node:internal/modules/cjs/loader","function":"Module.load","line":1081,"method":"load","native":false},{"column":12,"file":"node:internal/modules/cjs/loader","function":"Module._load","line":922,"method":"_load","native":false},{"column":12,"file":"node:internal/modules/run_main","function":"Function.runMain","line":81,"method":"runMain","native":false},{"column":12,"file":"D:\\FundoNote\\Fundoo_Note\\node_modules\\@babel\\node\\src\\_babel-node.ts","function":null,"line":223,"method":null,"native":false},{"column":14,"file":"node:internal/modules/cjs/loader","function":"Module._compile","line":1218,"method":"_compile","native":false},{"column":10,"file":"node:internal/modules/cjs/loader","function":"Module._extensions..js","line":1272,"method":".js","native":false},{"column":32,"file":"node:internal/modules/cjs/loader","function":"Module.load","line":1081,"method":"load","native":false}]}
error: uncaughtException: Cannot find module './swagger.json'
Require stack:
- D:\FundoNote\Fundoo_Note\src\index.js
Error: Cannot find module './swagger.json'
Require stack:
- D:\FundoNote\Fundoo_Note\src\index.js
    at Function.Module._resolveFilename (node:internal/modules/cjs/loader:1039:15)
    at Function.Module._load (node:internal/modules/cjs/loader:885:27)
    at Module.require (node:internal/modules/cjs/loader:1105:19)
    at require (node:internal/modules/cjs/helpers:103:18)
    at Object.<anonymous> (D:\FundoNote\Fundoo_Note\src\/index.js:20:25)
    at Module._compile (node:internal/modules/cjs/loader:1218:14)
    at Module._compile (D:\FundoNote\Fundoo_Note\node_modules\pirates\lib\index.js:136:24)
    at Module._extensions..js (node:internal/modules/cjs/loader:1272:10)
    at Object.newLoader [as .js] (D:\FundoNote\Fundoo_Note\node_modules\pirates\lib\index.js:141:7)
    at Module.load (node:internal/modules/cjs/loader:1081:32)
    at Function.Module._load (node:internal/modules/cjs/loader:922:12)
    at Function.runMain (node:internal/modules/run_main:81:12)
    at Object.<anonymous> (D:\FundoNote\Fundoo_Note\node_modules\@babel\node\src\_babel-node.ts:223:12)
    at Module._compile (node:internal/modules/cjs/loader:1218:14)
    at Object.Module._extensions..js (node:internal/modules/cjs/loader:1272:10)
    at Module.load (node:internal/modules/cjs/loader:1081:32)
    at Function.Module._load (node:internal/modules/cjs/loader:922:12)
    at Function.executeUserEntryPoint [as runMain] (node:internal/modules/run_main:81:12)
    at node:internal/main/run_main_module:23:47 {"date":"Mon Feb 27 2023 20:27:52 GMT+0530 (India Standard Time)","error":{"code":"MODULE_NOT_FOUND","requireStack":["D:\\FundoNote\\Fundoo_Note\\src\\index.js"]},"exception":true,"os":{"loadavg":[0,0,0],"uptime":4314.468},"process":{"argv":["node","D:\\FundoNote\\Fundoo_Note\\src\\index.js"],"cwd":"D:\\FundoNote\\Fundoo_Note","execPath":"C:\\Program Files\\nodejs\\node.exe","gid":null,"memoryUsage":{"arrayBuffers":18633545,"external":21516647,"heapTotal":172232704,"heapUsed":147039648,"rss":219357184},"pid":19392,"uid":null,"version":"v18.13.0"},"stack":"Error: Cannot find module './swagger.json'\nRequire stack:\n- D:\\FundoNote\\Fundoo_Note\\src\\index.js\n    at Function.Module._resolveFilename (node:internal/modules/cjs/loader:1039:15)\n    at Function.Module._load (node:internal/modules/cjs/loader:885:27)\n    at Module.require (node:internal/modules/cjs/loader:1105:19)\n    at require (node:internal/modules/cjs/helpers:103:18)\n    at Object.<anonymous> (D:\\FundoNote\\Fundoo_Note\\src\\/index.js:20:25)\n    at Module._compile (node:internal/modules/cjs/loader:1218:14)\n    at Module._compile (D:\\FundoNote\\Fundoo_Note\\node_modules\\pirates\\lib\\index.js:136:24)\n    at Module._extensions..js (node:internal/modules/cjs/loader:1272:10)\n    at Object.newLoader [as .js] (D:\\FundoNote\\Fundoo_Note\\node_modules\\pirates\\lib\\index.js:141:7)\n    at Module.load (node:internal/modules/cjs/loader:1081:32)\n    at Function.Module._load (node:internal/modules/cjs/loader:922:12)\n    at Function.runMain (node:internal/modules/run_main:81:12)\n    at Object.<anonymous> (D:\\FundoNote\\Fundoo_Note\\node_modules\\@babel\\node\\src\\_babel-node.ts:223:12)\n    at Module._compile (node:internal/modules/cjs/loader:1218:14)\n    at Object.Module._extensions..js (node:internal/modules/cjs/loader:1272:10)\n    at Module.load (node:internal/modules/cjs/loader:1081:32)\n    at Function.Module._load (node:internal/modules/cjs/loader:922:12)\n    at Function.executeUserEntryPoint [as runMain] (node:internal/modules/run_main:81:12)\n    at node:internal/main/run_main_module:23:47","timestamp":"2023-02-27T14:57:52.526Z","trace":[{"column":15,"file":"node:internal/modules/cjs/loader","function":"Module._resolveFilename","line":1039,"method":"_resolveFilename","native":false},{"column":27,"file":"node:internal/modules/cjs/loader","function":"Module._load","line":885,"method":"_load","native":false},{"column":19,"file":"node:internal/modules/cjs/loader","function":"Module.require","line":1105,"method":"require","native":false},{"column":18,"file":"node:internal/modules/cjs/helpers","function":"require","line":103,"method":null,"native":false},{"column":25,"file":"D:\\FundoNote\\Fundoo_Note\\src\\/index.js","function":null,"line":20,"method":null,"native":false},{"column":14,"file":"node:internal/modules/cjs/loader","function":"Module._compile","line":1218,"method":"_compile","native":false},{"column":24,"file":"D:\\FundoNote\\Fundoo_Note\\node_modules\\pirates\\lib\\index.js","function":"Module._compile","line":136,"method":"_compile","native":false},{"column":10,"file":"node:internal/modules/cjs/loader","function":"Module._extensions..js","line":1272,"method":".js","native":false},{"column":7,"file":"D:\\FundoNote\\Fundoo_Note\\node_modules\\pirates\\lib\\index.js","function":"Object.newLoader [as .js]","line":141,"method":"js]","native":false},{"column":32,"file":"node:internal/modules/cjs/loader","function":"Module.load","line":1081,"method":"load","native":false},{"column":12,"file":"node:internal/modules/cjs/loader","function":"Module._load","line":922,"method":"_load","native":false},{"column":12,"file":"node:internal/modules/run_main","function":"Function.runMain","line":81,"method":"runMain","native":false},{"column":12,"file":"D:\\FundoNote\\Fundoo_Note\\node_modules\\@babel\\node\\src\\_babel-node.ts","function":null,"line":223,"method":null,"native":false},{"column":14,"file":"node:internal/modules/cjs/loader","function":"Module._compile","line":1218,"method":"_compile","native":false},{"column":10,"file":"node:internal/modules/cjs/loader","function":"Module._extensions..js","line":1272,"method":".js","native":false},{"column":32,"file":"node:internal/modules/cjs/loader","function":"Module.load","line":1081,"method":"load","native":false},{"column":12,"file":"node:internal/modules/cjs/loader","function":"Module._load","line":922,"method":"_load","native":false},{"column":12,"file":"node:internal/modules/run_main","function":"Function.executeUserEntryPoint [as runMain]","line":81,"method":"executeUserEntryPoint [as runMain]","native":false},{"column":47,"file":"node:internal/main/run_main_module","function":null,"line":23,"method":null,"native":false}]}
info: Server started at http://localhost:3000/api/v1/ {"timestamp":"2023-02-27T15:06:01.479Z"}
info: Connected to the database. {"timestamp":"2023-02-27T15:06:10.684Z"}
info: Server started at http://localhost:3000/api/v1/ {"timestamp":"2023-02-27T15:07:56.723Z"}
info: Connected to the database. {"timestamp":"2023-02-27T15:08:06.245Z"}
error: 
    status - 500 
    message - JsonWebTokenError: secret or public key must be provided
    at D:\FundoNote\Fundoo_Note\node_modules\jsonwebtoken\verify.js:106:19
    at getSecret (D:\FundoNote\Fundoo_Note\node_modules\jsonwebtoken\verify.js:90:14)
    at Object.verify (D:\FundoNote\Fundoo_Note\node_modules\jsonwebtoken\verify.js:94:10)
    at _callee$ (D:\FundoNote\Fundoo_Note\src\middlewares\/auth.middleware.js:22:25)
    at tryCatch (D:\FundoNote\Fundoo_Note\node_modules\@babel\runtime\helpers\regeneratorRuntime.js:44:17)
    at Generator.<anonymous> (D:\FundoNote\Fundoo_Note\node_modules\@babel\runtime\helpers\regeneratorRuntime.js:125:22)
    at Generator.next (D:\FundoNote\Fundoo_Note\node_modules\@babel\runtime\helpers\regeneratorRuntime.js:69:21)
    at asyncGeneratorStep (D:\FundoNote\Fundoo_Note\node_modules\@babel\runtime\helpers\asyncToGenerator.js:3:24)
    at _next (D:\FundoNote\Fundoo_Note\node_modules\@babel\runtime\helpers\asyncToGenerator.js:22:9)
    at D:\FundoNote\Fundoo_Note\node_modules\@babel\runtime\helpers\asyncToGenerator.js:27:7
    at new Promise (<anonymous>)
    at apply (D:\FundoNote\Fundoo_Note\node_modules\@babel\runtime\helpers\asyncToGenerator.js:19:12)
    at userAuth (D:\FundoNote\Fundoo_Note\src\middlewares\/auth.middleware.js:12:22)
    at Layer.handle [as handle_request] (D:\FundoNote\Fundoo_Note\node_modules\express\lib\router\layer.js:95:5)
    at next (D:\FundoNote\Fundoo_Note\node_modules\express\lib\router\route.js:144:13)
    at Route.dispatch (D:\FundoNote\Fundoo_Note\node_modules\express\lib\router\route.js:114:3) 
    url - /api/v1/users/login 
    method - POST 
    IP - ::1
   {"timestamp":"2023-02-27T15:09:44.758Z"}
error: 
    status - 500 
    message - JsonWebTokenError: secret or public key must be provided
    at D:\FundoNote\Fundoo_Note\node_modules\jsonwebtoken\verify.js:106:19
    at getSecret (D:\FundoNote\Fundoo_Note\node_modules\jsonwebtoken\verify.js:90:14)
    at Object.verify (D:\FundoNote\Fundoo_Note\node_modules\jsonwebtoken\verify.js:94:10)
    at _callee$ (D:\FundoNote\Fundoo_Note\src\middlewares\/auth.middleware.js:22:25)
    at tryCatch (D:\FundoNote\Fundoo_Note\node_modules\@babel\runtime\helpers\regeneratorRuntime.js:44:17)
    at Generator.<anonymous> (D:\FundoNote\Fundoo_Note\node_modules\@babel\runtime\helpers\regeneratorRuntime.js:125:22)
    at Generator.next (D:\FundoNote\Fundoo_Note\node_modules\@babel\runtime\helpers\regeneratorRuntime.js:69:21)
    at asyncGeneratorStep (D:\FundoNote\Fundoo_Note\node_modules\@babel\runtime\helpers\asyncToGenerator.js:3:24)
    at _next (D:\FundoNote\Fundoo_Note\node_modules\@babel\runtime\helpers\asyncToGenerator.js:22:9)
    at D:\FundoNote\Fundoo_Note\node_modules\@babel\runtime\helpers\asyncToGenerator.js:27:7
    at new Promise (<anonymous>)
    at apply (D:\FundoNote\Fundoo_Note\node_modules\@babel\runtime\helpers\asyncToGenerator.js:19:12)
    at userAuth (D:\FundoNote\Fundoo_Note\src\middlewares\/auth.middleware.js:12:22)
    at Layer.handle [as handle_request] (D:\FundoNote\Fundoo_Note\node_modules\express\lib\router\layer.js:95:5)
    at next (D:\FundoNote\Fundoo_Note\node_modules\express\lib\router\route.js:144:13)
    at Route.dispatch (D:\FundoNote\Fundoo_Note\node_modules\express\lib\router\route.js:114:3) 
    url - /api/v1/users/login 
    method - POST 
    IP - ::1
   {"timestamp":"2023-02-27T15:10:40.989Z"}
info: Server started at http://localhost:3000/api/v1/ {"timestamp":"2023-02-27T15:12:17.279Z"}
info: Connected to the database. {"timestamp":"2023-02-27T15:12:17.740Z"}
info: Server started at http://localhost:3000/api/v1/ {"timestamp":"2023-02-27T15:12:41.365Z"}
info: Connected to the database. {"timestamp":"2023-02-27T15:12:41.388Z"}
info: Server started at http://localhost:3000/api/v1/ {"timestamp":"2023-02-27T15:18:43.054Z"}
info: Connected to the database. {"timestamp":"2023-02-27T15:18:43.243Z"}
info: Server started at http://localhost:3000/api/v1/ {"timestamp":"2023-02-27T15:20:16.063Z"}
info: Connected to the database. {"timestamp":"2023-02-27T15:20:16.084Z"}
info: Server started at http://localhost:3000/api/v1/ {"timestamp":"2023-02-27T15:22:36.839Z"}
info: Connected to the database. {"timestamp":"2023-02-27T15:22:36.870Z"}
error: 
    status - 500 
    message - SyntaxError: Unexpected string in JSON at position 75
    at JSON.parse (<anonymous>)
    at parse (D:\FundoNote\Fundoo_Note\node_modules\body-parser\lib\types\json.js:89:19)
    at D:\FundoNote\Fundoo_Note\node_modules\body-parser\lib\read.js:128:18
    at AsyncResource.runInAsyncScope (node:async_hooks:204:9)
    at invokeCallback (D:\FundoNote\Fundoo_Note\node_modules\raw-body\index.js:231:16)
    at done (D:\FundoNote\Fundoo_Note\node_modules\raw-body\index.js:220:7)
    at IncomingMessage.onEnd (D:\FundoNote\Fundoo_Note\node_modules\raw-body\index.js:280:7)
    at IncomingMessage.emit (node:events:513:28)
    at IncomingMessage.emit (node:domain:489:12)
    at endReadableNT (node:internal/streams/readable:1359:12)
    at processTicksAndRejections (node:internal/process/task_queues:82:21) 
    url - /api/v1/users/Register 
    method - POST 
    IP - ::1
   {"timestamp":"2023-02-27T15:26:43.624Z"}
info: Server started at http://localhost:3000/api/v1/ {"timestamp":"2023-02-27T15:30:59.455Z"}
info: Connected to the database. {"timestamp":"2023-02-27T15:30:59.470Z"}
info: Server started at http://localhost:3000/api/v1/ {"timestamp":"2023-02-27T15:31:30.324Z"}
info: Connected to the database. {"timestamp":"2023-02-27T15:31:30.345Z"}
info: Server started at http://localhost:3000/api/v1/ {"timestamp":"2023-02-27T16:32:51.643Z"}
info: Connected to the database. {"timestamp":"2023-02-27T16:32:51.708Z"}
info: Server started at http://localhost:3000/api/v1/ {"timestamp":"2023-02-28T05:03:30.742Z"}
info: Connected to the database. {"timestamp":"2023-02-28T05:03:31.232Z"}
info: Server started at http://localhost:3000/api/v1/ {"timestamp":"2023-02-28T05:08:08.040Z"}
info: Connected to the database. {"timestamp":"2023-02-28T05:08:08.058Z"}
info: Server started at http://localhost:3000/api/v1/ {"timestamp":"2023-02-28T05:09:12.234Z"}
info: Connected to the database. {"timestamp":"2023-02-28T05:09:12.258Z"}
info: Server started at http://localhost:3000/api/v1/ {"timestamp":"2023-02-28T05:10:04.828Z"}
info: Connected to the database. {"timestamp":"2023-02-28T05:10:04.853Z"}
info: Server started at http://localhost:3000/api/v1/ {"timestamp":"2023-02-28T05:12:42.181Z"}
info: Connected to the database. {"timestamp":"2023-02-28T05:12:42.201Z"}
info: Server started at http://localhost:3000/api/v1/ {"timestamp":"2023-02-28T05:14:30.597Z"}
info: Connected to the database. {"timestamp":"2023-02-28T05:14:30.622Z"}
info: Server started at http://localhost:3000/api/v1/ {"timestamp":"2023-02-28T05:15:26.007Z"}
info: Connected to the database. {"timestamp":"2023-02-28T05:15:26.028Z"}
info: Server started at http://localhost:3000/api/v1/ {"timestamp":"2023-02-28T05:17:03.090Z"}
info: Connected to the database. {"timestamp":"2023-02-28T05:17:03.113Z"}
info: Server started at http://localhost:3000/api/v1/ {"timestamp":"2023-02-28T05:17:33.241Z"}
info: Connected to the database. {"timestamp":"2023-02-28T05:17:33.262Z"}
info: Server started at http://localhost:3000/api/v1/ {"timestamp":"2023-02-28T05:30:02.054Z"}
info: Connected to the database. {"timestamp":"2023-02-28T05:30:02.070Z"}
info: Server started at http://localhost:3000/api/v1/ {"timestamp":"2023-02-28T07:12:34.167Z"}
info: Connected to the database. {"timestamp":"2023-02-28T07:12:34.211Z"}
info: Server started at http://localhost:3000/api/v1/ {"timestamp":"2023-02-28T07:15:41.237Z"}
info: Connected to the database. {"timestamp":"2023-02-28T07:15:41.308Z"}
info: Server started at http://localhost:3000/api/v1/ {"timestamp":"2023-02-28T07:17:40.399Z"}
info: Connected to the database. {"timestamp":"2023-02-28T07:17:40.499Z"}
error: 
      status - 400
      message - Authorization token is required 
      url - /api/v1/users/login 
      method - POST 
      IP - ::1
     {"timestamp":"2023-02-28T07:18:49.311Z"}
info: Server started at http://localhost:3000/api/v1/ {"timestamp":"2023-02-28T07:32:58.817Z"}
info: Connected to the database. {"timestamp":"2023-02-28T07:32:58.911Z"}
error: 
      status - 400
      message - Authorization token is required 
      url - /api/v1/users/login 
      method - POST 
      IP - ::1
     {"timestamp":"2023-02-28T07:36:55.602Z"}
info: Server started at http://localhost:3000/api/v1/ {"timestamp":"2023-02-28T07:38:11.997Z"}
info: Connected to the database. {"timestamp":"2023-02-28T07:38:12.064Z"}
info: Server started at http://localhost:3000/api/v1/ {"timestamp":"2023-02-28T07:40:39.036Z"}
info: Connected to the database. {"timestamp":"2023-02-28T07:40:39.124Z"}
info: Server started at http://localhost:3000/api/v1/ {"timestamp":"2023-02-28T07:48:45.185Z"}
info: Connected to the database. {"timestamp":"2023-02-28T07:48:45.432Z"}
error: 
    status - 500 
    message - JsonWebTokenError: jwt must be provided
    at Object.verify (D:\FundoNote\Fundoo_Note\node_modules\jsonwebtoken\verify.js:53:17)
    at _callee2$ (D:\FundoNote\Fundoo_Note\src\middlewares\/auth.middleware.js:42:25)
    at tryCatch (D:\FundoNote\Fundoo_Note\node_modules\@babel\runtime\helpers\regeneratorRuntime.js:44:17)
    at Generator.<anonymous> (D:\FundoNote\Fundoo_Note\node_modules\@babel\runtime\helpers\regeneratorRuntime.js:125:22)
    at Generator.next (D:\FundoNote\Fundoo_Note\node_modules\@babel\runtime\helpers\regeneratorRuntime.js:69:21)
    at asyncGeneratorStep (D:\FundoNote\Fundoo_Note\node_modules\@babel\runtime\helpers\asyncToGenerator.js:3:24)
    at _next (D:\FundoNote\Fundoo_Note\node_modules\@babel\runtime\helpers\asyncToGenerator.js:22:9)
    at D:\FundoNote\Fundoo_Note\node_modules\@babel\runtime\helpers\asyncToGenerator.js:27:7
    at new Promise (<anonymous>)
    at apply (D:\FundoNote\Fundoo_Note\node_modules\@babel\runtime\helpers\asyncToGenerator.js:19:12)
    at authorization (D:\FundoNote\Fundoo_Note\src\middlewares\/auth.middleware.js:32:27)
    at Layer.handle [as handle_request] (D:\FundoNote\Fundoo_Note\node_modules\express\lib\router\layer.js:95:5)
    at next (D:\FundoNote\Fundoo_Note\node_modules\express\lib\router\route.js:144:13)
    at Route.dispatch (D:\FundoNote\Fundoo_Note\node_modules\express\lib\router\route.js:114:3)
    at Layer.handle [as handle_request] (D:\FundoNote\Fundoo_Note\node_modules\express\lib\router\layer.js:95:5)
    at D:\FundoNote\Fundoo_Note\node_modules\express\lib\router\index.js:284:15 
    url - /api/v1/users/resetPwd 
    method - POST 
    IP - ::1
   {"timestamp":"2023-02-28T07:50:50.404Z"}
info: Server started at http://localhost:3000/api/v1/ {"timestamp":"2023-02-28T07:52:41.395Z"}
info: Connected to the database. {"timestamp":"2023-02-28T07:52:41.458Z"}
info: Server started at http://localhost:3000/api/v1/ {"timestamp":"2023-02-28T08:05:56.140Z"}
info: Connected to the database. {"timestamp":"2023-02-28T08:05:56.161Z"}
info: Server started at http://localhost:3000/api/v1/ {"timestamp":"2023-02-28T09:00:14.133Z"}
info: Connected to the database. {"timestamp":"2023-02-28T09:00:14.301Z"}
info: Server started at http://localhost:3000/api/v1/ {"timestamp":"2023-02-28T10:09:36.228Z"}
info: Connected to the database. {"timestamp":"2023-02-28T10:09:36.313Z"}
info: Server started at http://localhost:3000/api/v1/ {"timestamp":"2023-02-28T10:18:20.783Z"}
info: Connected to the database. {"timestamp":"2023-02-28T10:18:20.799Z"}
info: Server started at http://localhost:3000/api/v1/ {"timestamp":"2023-02-28T10:22:11.861Z"}
info: Connected to the database. {"timestamp":"2023-02-28T10:22:11.882Z"}
info: Server started at http://localhost:3000/api/v1/ {"timestamp":"2023-02-28T10:30:03.415Z"}
info: Connected to the database. {"timestamp":"2023-02-28T10:30:03.438Z"}
info: Server started at http://localhost:3000/api/v1/ {"timestamp":"2023-02-28T10:34:31.635Z"}
info: Connected to the database. {"timestamp":"2023-02-28T10:34:31.661Z"}
info: Server started at http://localhost:3000/api/v1/ {"timestamp":"2023-02-28T10:39:09.117Z"}
info: Connected to the database. {"timestamp":"2023-02-28T10:39:09.235Z"}
info: Server started at http://localhost:3000/api/v1/ {"timestamp":"2023-02-28T10:40:21.817Z"}
info: Connected to the database. {"timestamp":"2023-02-28T10:40:21.844Z"}
info: Server started at http://localhost:3000/api/v1/ {"timestamp":"2023-02-28T10:49:40.676Z"}
info: Connected to the database. {"timestamp":"2023-02-28T10:49:40.705Z"}
info: Server started at http://localhost:3000/api/v1/ {"timestamp":"2023-02-28T10:51:05.657Z"}
info: Connected to the database. {"timestamp":"2023-02-28T10:51:05.673Z"}
error: 
      status - 400
      message - Authorization token is required 
      url - /api/v1/notes 
      method - POST 
      IP - ::1
     {"timestamp":"2023-02-28T10:52:34.601Z"}
error: 
    status - 500 
    message - JsonWebTokenError: jwt must be provided
    at Object.verify (D:\FundoNote\Fundoo_Note\node_modules\jsonwebtoken\verify.js:53:17)
    at _callee$ (D:\FundoNote\Fundoo_Note\src\middlewares\/auth.middleware.js:22:25)
    at tryCatch (D:\FundoNote\Fundoo_Note\node_modules\@babel\runtime\helpers\regeneratorRuntime.js:44:17)
    at Generator.<anonymous> (D:\FundoNote\Fundoo_Note\node_modules\@babel\runtime\helpers\regeneratorRuntime.js:125:22)
    at Generator.next (D:\FundoNote\Fundoo_Note\node_modules\@babel\runtime\helpers\regeneratorRuntime.js:69:21)
    at asyncGeneratorStep (D:\FundoNote\Fundoo_Note\node_modules\@babel\runtime\helpers\asyncToGenerator.js:3:24)
    at _next (D:\FundoNote\Fundoo_Note\node_modules\@babel\runtime\helpers\asyncToGenerator.js:22:9)
    at D:\FundoNote\Fundoo_Note\node_modules\@babel\runtime\helpers\asyncToGenerator.js:27:7
    at new Promise (<anonymous>)
    at apply (D:\FundoNote\Fundoo_Note\node_modules\@babel\runtime\helpers\asyncToGenerator.js:19:12)
    at userAuth (D:\FundoNote\Fundoo_Note\src\middlewares\/auth.middleware.js:12:22)
    at Layer.handle [as handle_request] (D:\FundoNote\Fundoo_Note\node_modules\express\lib\router\layer.js:95:5)
    at next (D:\FundoNote\Fundoo_Note\node_modules\express\lib\router\route.js:144:13)
    at newNotesValidator (D:\FundoNote\Fundoo_Note\src\validators\/note.validator.js:15:9)
    at Layer.handle [as handle_request] (D:\FundoNote\Fundoo_Note\node_modules\express\lib\router\layer.js:95:5)
    at next (D:\FundoNote\Fundoo_Note\node_modules\express\lib\router\route.js:144:13) 
    url - /api/v1/notes 
    method - POST 
    IP - ::1
   {"timestamp":"2023-02-28T10:52:56.390Z"}
info: Server started at http://localhost:3000/api/v1/ {"timestamp":"2023-02-28T10:53:26.429Z"}
info: Connected to the database. {"timestamp":"2023-02-28T10:53:26.453Z"}
info: Server started at http://localhost:3000/api/v1/ {"timestamp":"2023-02-28T11:44:05.369Z"}
info: Connected to the database. {"timestamp":"2023-02-28T11:44:05.438Z"}
info: Server started at http://localhost:3000/api/v1/ {"timestamp":"2023-02-28T14:25:58.898Z"}
info: Connected to the database. {"timestamp":"2023-02-28T14:25:58.957Z"}
info: Server started at http://localhost:3000/api/v1/ {"timestamp":"2023-02-28T14:30:57.230Z"}
info: Connected to the database. {"timestamp":"2023-02-28T14:30:57.274Z"}
info: Server started at http://localhost:3000/api/v1/ {"timestamp":"2023-02-28T14:31:57.627Z"}
info: Connected to the database. {"timestamp":"2023-02-28T14:31:57.689Z"}
info: Server started at http://localhost:3000/api/v1/ {"timestamp":"2023-02-28T14:37:41.480Z"}
info: Connected to the database. {"timestamp":"2023-02-28T14:37:41.536Z"}
info: Server started at http://localhost:3000/api/v1/ {"timestamp":"2023-02-28T14:39:35.037Z"}
info: Connected to the database. {"timestamp":"2023-02-28T14:39:35.100Z"}
info: Server started at http://localhost:3000/api/v1/ {"timestamp":"2023-02-28T14:47:19.068Z"}
info: Connected to the database. {"timestamp":"2023-02-28T14:47:19.114Z"}
info: Server started at http://localhost:3000/api/v1/ {"timestamp":"2023-02-28T15:55:59.145Z"}
info: Connected to the database. {"timestamp":"2023-02-28T15:55:59.217Z"}
